<?xml version="1.0" encoding="utf-8"?><testsuites name="pytest tests"><testsuite name="pytest" errors="0" failures="0" skipped="1" tests="6" time="2.670" timestamp="2026-08-18T14:34:19.841439+00:00" hostname="agent-env-298475f4-34a2-4e3b-95f9-190dffc73eed"><testcase classname="tests.test_inv_f28_monitoring_cmt" name="test_cmt_kejar_running_target_po_qty_sent_cmt_only_normal" time="1.627" /><testcase classname="tests.test_inv_f28_monitoring_cmt" name="test_cmt_kejar_scope_all_ge_running" time="0.396" /><testcase classname="tests.test_inv_f28_monitoring_cmt" name="test_buyer_dispatch_outstanding_exists" time="0.127" /><testcase classname="tests.test_inv_f28_monitoring_cmt" name="test_material_requests_replacement_tracker_fields" time="0.135" /><testcase classname="tests.test_inv_f28_monitoring_cmt" name="test_child_shipment_shape_if_present" time="0.169"><skipped type="pytest.skip" message="No child shipments in DB">/app/backend/tests/test_inv_f28_monitoring_cmt.py:133: No child shipments in DB</skipped></testcase><testcase classname="tests.test_inv_f28_monitoring_cmt" name="test_dashboard_no_scope_default" time="0.155" /></testsuite></testsuites>