<?xml version="1.0" encoding="utf-8"?><testsuites name="pytest tests"><testsuite name="pytest" errors="0" failures="0" skipped="0" tests="5" time="2.763" timestamp="2026-08-18T16:25:02.764711+00:00" hostname="agent-env-298475f4-34a2-4e3b-95f9-190dffc73eed"><testcase classname="tests.test_inv_f28_iter77" name="test_dashboard_running_has_all_12_kpi_fields" time="1.831" /><testcase classname="tests.test_inv_f28_iter77" name="test_dashboard_balance_block_shape" time="0.134" /><testcase classname="tests.test_inv_f28_iter77" name="test_dashboard_scope_all_ge_running" time="0.309" /><testcase classname="tests.test_inv_f28_iter77" name="test_dashboard_buyer_offenders_present_when_broken" time="0.169" /><testcase classname="tests.test_inv_f28_iter77" name="test_dashboard_kpi_values_sanity" time="0.244" /></testsuite></testsuites>