<?xml version="1.0" encoding="utf-8"?><testsuites name="pytest tests"><testsuite name="pytest" errors="0" failures="0" skipped="0" tests="10" time="4.519" timestamp="2026-08-18T14:44:19.034594+00:00" hostname="agent-env-298475f4-34a2-4e3b-95f9-190dffc73eed"><testcase classname="tests.test_inv_f28_iter76" name="test_scope_running_excludes_completed_po" time="2.478" /><testcase classname="tests.test_inv_f28_iter76" name="test_scope_all_includes_completed_po" time="0.158" /><testcase classname="tests.test_inv_f28_iter76" name="test_dashboard_scope_diff_is_200_pcs_and_1_po" time="0.347" /><testcase classname="tests.test_inv_f28_iter76" name="test_dashboard_qty_not_sent_draft_reports_draft_po" time="0.181" /><testcase classname="tests.test_inv_f28_iter76" name="test_dashboard_qty_sent_extra_has_replacement" time="0.178" /><testcase classname="tests.test_inv_f28_iter76" name="test_main_po_potongan_only_normal" time="0.166" /><testcase classname="tests.test_inv_f28_iter76" name="test_material_request_replacement_enriched" time="0.164" /><testcase classname="tests.test_inv_f28_iter76" name="test_parent_shipment_has_child_qty_and_accessories" time="0.293" /><testcase classname="tests.test_inv_f28_iter76" name="test_child_shipment_shape" time="0.313" /><testcase classname="tests.test_inv_f28_iter76" name="test_buyer_outstanding_board_has_main_po" time="0.161" /></testsuite></testsuites>