<?xml version="1.0" encoding="utf-8"?><testsuites name="pytest tests"><testsuite name="pytest" errors="0" failures="0" skipped="1" tests="12" time="8.880" timestamp="2026-08-18T12:59:43.539547+00:00" hostname="agent-env-298475f4-34a2-4e3b-95f9-190dffc73eed"><testcase classname="tests.test_inv_f27_bugs.TestBug1PermakAutoLink" name="test_create_permak_without_receipt_line_auto_links" time="2.863" /><testcase classname="tests.test_inv_f27_bugs.TestBug1PermakAutoLink" name="test_finish_permak_updates_reworked_ok" time="1.589" /><testcase classname="tests.test_inv_f27_bugs.TestBug1PermakAutoLink" name="test_dispatch_capacity_shows_reworked" time="0.166" /><testcase classname="tests.test_inv_f27_bugs.TestBug1PermakAutoLink" name="test_permak_over_reject_remain_rejected_400" time="0.164" /><testcase classname="tests.test_inv_f27_bugs.TestBug2ContinueDispatch" name="test_create_initial_and_continue" time="0.356" /><testcase classname="tests.test_inv_f27_bugs.TestBug2ContinueDispatch" name="test_continue_over_remaining_rejected_400" time="0.169" /><testcase classname="tests.test_inv_f27_bugs.TestBug2ContinueDispatch" name="test_continue_unknown_shipment_id_404" time="0.215" /><testcase classname="tests.test_inv_f27_bugs.TestBug3BomAccessoriesPreview" name="test_preview_returns_accessories" time="0.359" /><testcase classname="tests.test_inv_f27_bugs.TestBug4VendorReplacementList" name="test_material_requests_replacement_filter" time="2.418" /><testcase classname="tests.test_inv_f27_bugs.TestBug5ChildShipmentNoAccessories" name="test_child_shipment_no_po_accessories" time="0.164"><skipped type="pytest.skip" message="no child (REPLACEMENT/ADDITIONAL/REWORK) vendor shipment exists in DB">/app/backend/tests/test_inv_f27_bugs.py:309: no child (REPLACEMENT/ADDITIONAL/REWORK) vendor shipment exists in DB</skipped></testcase><testcase classname="tests.test_inv_f27_bugs.TestBug5ChildShipmentNoAccessories" name="test_parent_still_carries_po_accessories" time="0.156" /><testcase classname="tests.test_inv_f27_bugs.TestRegressionNewShipment" name="test_new_shipment_seq1" time="0.167" /></testsuite></testsuites>