<?xml version="1.0" encoding="utf-8"?><testsuites name="pytest tests"><testsuite name="pytest" errors="0" failures="0" skipped="0" tests="7" time="1.874" timestamp="2026-09-04T16:58:11.537637+00:00" hostname="agent-env-120529a3-3496-4219-9381-d4597c7a0299"><testcase classname="tests.test_iter110_extra.TestBankReconExtra" name="test_00_summary" time="0.112" /><testcase classname="tests.test_iter110_extra.TestBankReconExtra" name="test_01_gl_entries_requires_session" time="0.099" /><testcase classname="tests.test_iter110_extra.TestBankReconExtra" name="test_02_import_bulk_direction" time="0.474" /><testcase classname="tests.test_iter110_extra.TestBankReconExtra" name="test_03_settlement_candidates" time="0.516" /><testcase classname="tests.test_iter110_extra.TestBankReconExtra" name="test_99_cleanup" time="0.112" /><testcase classname="tests.test_iter110_extra.TestRegression" name="test_balance_sheet_balanced" time="0.110" /><testcase classname="tests.test_iter110_extra.TestRegression" name="test_ar_aging" time="0.074" /></testsuite></testsuites>