<?xml version="1.0" encoding="utf-8"?><testsuites name="pytest tests"><testsuite name="pytest" errors="0" failures="0" skipped="0" tests="83" time="89.566" timestamp="2026-09-05T09:51:43.237837+00:00" hostname="agent-env-733f8766-af1f-43ab-a420-4dc774985819"><testcase classname="tests.test_iter113_period_guard" name="test_00_policy" time="0.307" /><testcase classname="tests.test_iter113_period_guard" name="test_01_future_rejected" time="0.101" /><testcase classname="tests.test_iter113_period_guard" name="test_02_far_past_unopened_rejected" time="0.109" /><testcase classname="tests.test_iter113_period_guard" name="test_03_current_year_auto_creates_periods" time="0.151" /><testcase classname="tests.test_iter113_period_guard" name="test_04_closed_period_blocks_then_reopen" time="0.503" /><testcase classname="tests.test_iter113_period_guard" name="test_05_posting_engine_graceful" time="0.179" /><testcase classname="tests.test_iter113_period_guard" name="test_zz_cleanup" time="0.002" /><testcase classname="tests.test_iter113_payroll_components" name="test_00_deduction_totals" time="0.000" /><testcase classname="tests.test_iter113_payroll_components" name="test_01_post_per_component" time="0.029" /><testcase classname="tests.test_iter113_payroll_components" name="test_02_inconsistent_components_rejected" time="0.022" /><testcase classname="tests.test_iter113_payroll_components" name="test_03_pay_bpjs_and_pph21_use_mapping" time="0.544" /><testcase classname="tests.test_iter113_payroll_components" name="test_04_balance_sheet_still_balanced" time="0.119" /><testcase classname="tests.test_iter113_payroll_components" name="test_zz_cleanup" time="0.003" /><testcase classname="tests.test_iter108_finance.TestCmtPay" name="test_00_setup" time="0.530" /><testcase classname="tests.test_iter108_finance.TestCmtPay" name="test_01_partial_pay_posts_ap_to_wip" time="0.122" /><testcase classname="tests.test_iter108_finance.TestCmtPay" name="test_02_pay_rest_then_reject" time="0.357" /><testcase classname="tests.test_iter108_finance.TestCmtPay" name="test_03_void_first" time="0.106" /><testcase classname="tests.test_iter108_finance.TestCmtPay" name="test_04_billing_list" time="0.110" /><testcase classname="tests.test_iter108_finance.TestArAging" name="test_00_internal_invoice" time="0.241" /><testcase classname="tests.test_iter108_finance.TestArAging" name="test_01_partial_payment" time="0.126" /><testcase classname="tests.test_iter108_finance.TestArAging" name="test_02_single_aging" time="0.788" /><testcase classname="tests.test_iter108_finance.TestHppAbsorption" name="test_00_wip_to_fg" time="0.014" /><testcase classname="tests.test_iter108_finance.TestHppAbsorption" name="test_01_posting_profiles" time="0.098" /><testcase classname="tests.test_iter108_finance.TestRegression" name="test_balance_sheet" time="0.324" /><testcase classname="tests.test_iter108_finance.TestRegression" name="test_zz_cleanup_qa_data" time="0.005" /><testcase classname="tests.test_iter110_bank_recon.TestBankRecon" name="test_00_setup_account_and_gl" time="0.214" /><testcase classname="tests.test_iter110_bank_recon.TestBankRecon" name="test_01_session_requires_cash_account" time="0.357" /><testcase classname="tests.test_iter110_bank_recon.TestBankRecon" name="test_02_gl_lines_only_bank_account" time="0.114" /><testcase classname="tests.test_iter110_bank_recon.TestBankRecon" name="test_03_import_csv_direction" time="0.137" /><testcase classname="tests.test_iter110_bank_recon.TestBankRecon" name="test_04_auto_match_tolerance" time="0.109" /><testcase classname="tests.test_iter110_bank_recon.TestBankRecon" name="test_05_adjust_from_txn_uses_session_bank_account" time="0.230" /><testcase classname="tests.test_iter110_bank_recon.TestBankRecon" name="test_06_manual_unmatch_match_direction_guard" time="0.466" /><testcase classname="tests.test_iter110_bank_recon.TestBankRecon" name="test_07_internal_check_and_summary" time="0.236" /><testcase classname="tests.test_iter110_bank_recon.TestBankRecon" name="test_08_approve_guard_then_approve" time="0.421" /><testcase classname="tests.test_iter110_bank_recon.TestFulfillmentCogsFifo" name="test_00_post_cogs_shipment_uses_fifo_layers" time="0.020" /><testcase classname="tests.test_iter110_bank_recon.TestFulfillmentCogsFifo" name="test_01_balance_sheet" time="0.109" /><testcase classname="tests.test_iter110_bank_recon.TestRbacAndCleanup" name="test_00_non_finance_role_forbidden" time="0.516" /><testcase classname="tests.test_iter110_bank_recon.TestRbacAndCleanup" name="test_99_cleanup_test_data" time="0.006" /><testcase classname="tests.test_iter110_extra.TestBankReconExtra" name="test_00_summary" time="0.115" /><testcase classname="tests.test_iter110_extra.TestBankReconExtra" name="test_01_gl_entries_requires_session" time="0.102" /><testcase classname="tests.test_iter110_extra.TestBankReconExtra" name="test_02_import_bulk_direction" time="0.681" /><testcase classname="tests.test_iter110_extra.TestBankReconExtra" name="test_03_settlement_candidates" time="0.585" /><testcase classname="tests.test_iter110_extra.TestBankReconExtra" name="test_04_approve_unexplained_requires_confirm" time="0.843" /><testcase classname="tests.test_iter110_extra.TestBankReconExtra" name="test_99_cleanup" time="0.002" /><testcase classname="tests.test_iter110_extra.TestRegression" name="test_balance_sheet_balanced" time="0.098" /><testcase classname="tests.test_iter110_extra.TestRegression" name="test_ar_aging" time="0.100" /><testcase classname="tests.test_iter111_bank_recon_approve.TestApproveGuards" name="test_00_setup_account_and_session" time="0.205" /><testcase classname="tests.test_iter111_bank_recon_approve.TestApproveGuards" name="test_01_unmatched_guard_blocks_approve" time="0.214" /><testcase classname="tests.test_iter111_bank_recon_approve.TestApproveGuards" name="test_02_settlement_candidates_direction_guard" time="0.324" /><testcase classname="tests.test_iter111_bank_recon_approve.TestApproveGuards" name="test_03_explained_session_approves_without_confirm" time="0.758" /><testcase classname="tests.test_iter111_bank_recon_approve.TestApproveGuards" name="test_04_approved_session_is_immutable" time="0.207" /><testcase classname="tests.test_iter111_bank_recon_approve.TestApproveGuards" name="test_99_cleanup" time="0.002" /><testcase classname="tests.test_iter111_bank_recon_approve.TestRegression111" name="test_balance_sheet_balanced" time="0.097" /><testcase classname="tests.test_iter111_bank_recon_approve.TestRegression111" name="test_bank_recon_summary" time="0.104" /><testcase classname="tests.test_iter112_audit_fixes.TestRbacBankRecon" name="test_gudang_denied_list_sessions" time="0.263" /><testcase classname="tests.test_iter112_audit_fixes.TestRbacBankRecon" name="test_gudang_denied_summary" time="0.101" /><testcase classname="tests.test_iter112_audit_fixes.TestRbacBankRecon" name="test_gudang_denied_create_session" time="0.102" /><testcase classname="tests.test_iter112_audit_fixes.TestRbacBankRecon" name="test_gudang_denied_gl_entries" time="0.101" /><testcase classname="tests.test_iter112_audit_fixes.TestRbacBankRecon" name="test_admin_allowed" time="0.360" /><testcase classname="tests.test_iter112_audit_fixes.TestRbacBankRecon" name="test_gudang_denied_write_endpoints[post-/sessions/nonexistent/import-bulk-payload0]" time="0.101" /><testcase classname="tests.test_iter112_audit_fixes.TestRbacBankRecon" name="test_gudang_denied_write_endpoints[post-/sessions/nonexistent/auto-match-payload1]" time="0.117" /><testcase classname="tests.test_iter112_audit_fixes.TestRbacBankRecon" name="test_gudang_denied_write_endpoints[post-/sessions/nonexistent/transactions/xx/adjust-payload2]" time="0.119" /><testcase classname="tests.test_iter112_audit_fixes.TestRbacBankRecon" name="test_gudang_denied_write_endpoints[post-/sessions/nonexistent/approve-payload3]" time="0.098" /><testcase classname="tests.test_iter112_audit_fixes.TestRbacBankRecon" name="test_gudang_denied_write_endpoints[post-/sessions/nonexistent/match-payload4]" time="0.126" /><testcase classname="tests.test_iter112_audit_fixes.TestRbacBankRecon" name="test_gudang_denied_write_endpoints[get-/sessions/nonexistent/internal-check-None]" time="0.104" /><testcase classname="tests.test_iter112_audit_fixes.TestRbacBankRecon" name="test_gudang_denied_write_endpoints[delete-/sessions/nonexistent-None]" time="0.132" /><testcase classname="tests.test_iter112_audit_fixes.TestRbacBankRecon" name="test_finance_allowed_list" time="0.263" /><testcase classname="tests.test_iter112_audit_fixes.TestSessionAndAdjustGuard" name="test_01_admin_create_cash_account" time="0.120" /><testcase classname="tests.test_iter112_audit_fixes.TestSessionAndAdjustGuard" name="test_02_finance_create_session" time="30.139" /><testcase classname="tests.test_iter112_audit_fixes.TestSessionAndAdjustGuard" name="test_03_finance_import_manual_and_automatch" time="11.553" /><testcase classname="tests.test_iter112_audit_fixes.TestSessionAndAdjustGuard" name="test_04_adjust_outside_period_rejected" time="30.282" /><testcase classname="tests.test_iter112_audit_fixes.TestSessionAndAdjustGuard" name="test_05_adjust_in_period_creates_je_and_movement" time="0.294" /><testcase classname="tests.test_iter112_audit_fixes.TestSessionAndAdjustGuard" name="test_06_internal_check_movement_ok" time="0.105" /><testcase classname="tests.test_iter112_audit_fixes.TestLegacyAdjustments" name="test_01_create_and_post" time="0.276" /><testcase classname="tests.test_iter112_audit_fixes.TestLegacyAdjustments" name="test_02_repost_returns_400_not_500" time="0.124" /><testcase classname="tests.test_iter112_audit_fixes.TestLegacyAdjustments" name="test_03_gudang_denied_legacy_post" time="0.137" /><testcase classname="tests.test_iter112_audit_fixes.TestLegacyAdjustments" name="test_05_other_type_direction_follows_account[payload_extra0-out-1500]" time="0.240" /><testcase classname="tests.test_iter112_audit_fixes.TestLegacyAdjustments" name="test_05_other_type_direction_follows_account[payload_extra1-in-1750]" time="0.229" /><testcase classname="tests.test_iter112_audit_fixes.TestLegacyAdjustments" name="test_06_missing_accounts_other_returns_400" time="0.237" /><testcase classname="tests.test_iter112_audit_fixes.TestLegacyAdjustments" name="test_07_internal_check_shows_legacy_movement_ok" time="0.117" /><testcase classname="tests.test_iter112_audit_fixes.TestReportsRegression" name="test_balance_sheet_orphan_field" time="0.111" /><testcase classname="tests.test_iter112_audit_fixes.TestReportsRegression" name="test_ar_aging" time="0.104" /><testcase classname="tests.test_iter112_audit_fixes.TestReportsRegression" name="test_summary_admin" time="0.124" /></testsuite></testsuites>