<?xml version="1.0" encoding="utf-8"?><testsuites name="pytest tests"><testsuite name="pytest" errors="0" failures="0" skipped="0" tests="5" time="7.360" timestamp="2026-08-21T13:53:26.080345+00:00" hostname="agent-env-82642f68-e75d-442d-8bd3-820e91c4e04f"><testcase classname="tests.test_iter87_moving_average_hpp.TestMovingAverageHPP" name="test_01_create_material_without_price" time="0.749" /><testcase classname="tests.test_iter87_moving_average_hpp.TestMovingAverageHPP" name="test_02_po1_receive_100_at_10000" time="2.085" /><testcase classname="tests.test_iter87_moving_average_hpp.TestMovingAverageHPP" name="test_03_po2_receive_100_at_20000_gives_avg_15000" time="3.000" /><testcase classname="tests.test_iter87_moving_average_hpp.TestMovingAverageHPP" name="test_04_put_material_unit_cost_ignored" time="0.311" /><testcase classname="tests.test_iter87_moving_average_hpp.TestMovingAverageHPP" name="test_99_cleanup" time="1.156" /></testsuite></testsuites>