<?xml version="1.0" encoding="utf-8"?><testsuites name="pytest tests"><testsuite name="pytest" errors="0" failures="0" skipped="0" tests="17" time="5.188" timestamp="2026-09-02T20:19:52.283866+00:00" hostname="agent-env-e8b920e2-9931-4f53-9475-29b83a4416de"><testcase classname="tests.test_iter101_bank_settlement_link.TestExistingLinkState" name="test_t1_matched_as_settlement" time="0.442" /><testcase classname="tests.test_iter101_bank_settlement_link.TestExistingLinkState" name="test_settlement_doc_has_bank_fields" time="0.186" /><testcase classname="tests.test_iter101_bank_settlement_link.TestExistingLinkState" name="test_list_summary_bank_counts" time="0.160" /><testcase classname="tests.test_iter101_bank_settlement_link.TestCandidates" name="test_candidates_for_t2" time="0.172" /><testcase classname="tests.test_iter101_bank_settlement_link.TestCandidates" name="test_candidates_for_t1_includes_linked_here" time="0.148" /><testcase classname="tests.test_iter101_bank_settlement_link.TestCandidates" name="test_candidates_unknown_txn_404" time="0.145" /><testcase classname="tests.test_iter101_bank_settlement_link.TestLinkGuards" name="test_amount_mismatch_400" time="0.302" /><testcase classname="tests.test_iter101_bank_settlement_link.TestLinkGuards" name="test_credit_txn_400" time="0.159" /><testcase classname="tests.test_iter101_bank_settlement_link.TestLinkGuards" name="test_already_matched_txn_409" time="0.143" /><testcase classname="tests.test_iter101_bank_settlement_link.TestLinkGuards" name="test_unknown_txn_404" time="0.148" /><testcase classname="tests.test_iter101_bank_settlement_link.TestLinkGuards" name="test_unknown_settlement_404" time="0.140" /><testcase classname="tests.test_iter101_bank_settlement_link.TestLinkedSettlementLocks" name="test_put_net_payout_blocked" time="0.268" /><testcase classname="tests.test_iter101_bank_settlement_link.TestLinkedSettlementLocks" name="test_delete_blocked" time="0.149" /><testcase classname="tests.test_iter101_bank_settlement_link.TestHappyPath" name="test_link_ok" time="1.017" /><testcase classname="tests.test_iter101_bank_settlement_link.TestHappyPath" name="test_put_and_delete_blocked_while_linked" time="0.296" /><testcase classname="tests.test_iter101_bank_settlement_link.TestHappyPath" name="test_unmatch_releases_and_delete_succeeds" time="1.093" /><testcase classname="tests.test_iter101_bank_settlement_link" name="test_zz_final_state" time="0.149" /></testsuite></testsuites>