<?xml version="1.0" encoding="utf-8"?><testsuites name="pytest tests"><testsuite name="pytest" errors="0" failures="0" skipped="0" tests="21" time="7.073" timestamp="2026-09-05T10:15:48.887685+00:00" hostname="agent-env-733f8766-af1f-43ab-a420-4dc774985819"><testcase classname="tests.test_iter114_h07_m09_alerts" name="test_10_revenue_on_dispatch_engine" time="0.190" /><testcase classname="tests.test_iter114_h07_m09_alerts" name="test_11_revenue_endpoints" time="0.707" /><testcase classname="tests.test_iter114_h07_m09_alerts" name="test_20_year_end_close" time="2.699" /><testcase classname="tests.test_iter114_h07_m09_alerts" name="test_21_year_end_reverse" time="0.311" /><testcase classname="tests.test_iter114_h07_m09_alerts" name="test_22_year_end_rbac" time="0.299" /><testcase classname="tests.test_iter114_h07_m09_alerts" name="test_30_period_alert_flow" time="0.677" /><testcase classname="tests.test_iter114_h07_m09_alerts" name="test_31_alert_resolve_manual" time="0.304" /><testcase classname="tests.test_iter114_h07_m09_alerts" name="test_zz_cleanup" time="0.004" /><testcase classname="tests.test_iter113_period_guard" name="test_00_policy" time="0.287" /><testcase classname="tests.test_iter113_period_guard" name="test_01_future_rejected" time="0.097" /><testcase classname="tests.test_iter113_period_guard" name="test_02_far_past_unopened_rejected" time="0.100" /><testcase classname="tests.test_iter113_period_guard" name="test_03_current_year_auto_creates_periods" time="0.109" /><testcase classname="tests.test_iter113_period_guard" name="test_04_closed_period_blocks_then_reopen" time="0.484" /><testcase classname="tests.test_iter113_period_guard" name="test_05_posting_engine_graceful" time="0.005" /><testcase classname="tests.test_iter113_period_guard" name="test_zz_cleanup" time="0.002" /><testcase classname="tests.test_iter113_payroll_components" name="test_00_deduction_totals" time="0.000" /><testcase classname="tests.test_iter113_payroll_components" name="test_01_post_per_component" time="0.013" /><testcase classname="tests.test_iter113_payroll_components" name="test_02_inconsistent_components_rejected" time="0.006" /><testcase classname="tests.test_iter113_payroll_components" name="test_03_pay_bpjs_and_pph21_use_mapping" time="0.494" /><testcase classname="tests.test_iter113_payroll_components" name="test_04_balance_sheet_still_balanced" time="0.116" /><testcase classname="tests.test_iter113_payroll_components" name="test_zz_cleanup" time="0.003" /></testsuite></testsuites>