<?xml version="1.0" encoding="utf-8"?><testsuites name="pytest tests"><testsuite name="pytest" errors="0" failures="0" skipped="0" tests="8" time="8.577" timestamp="2026-09-02T19:53:05.486100+00:00" hostname="agent-env-e8b920e2-9931-4f53-9475-29b83a4416de"><testcase classname="tests.test_iter100_settlement_mapping_period.TestIter100SettlementMappingPeriod" name="test_preview_auto_shape" time="5.317" /><testcase classname="tests.test_iter100_settlement_mapping_period.TestIter100SettlementMappingPeriod" name="test_save_then_upsert_then_saved_preview" time="1.362" /><testcase classname="tests.test_iter100_settlement_mapping_period.TestIter100SettlementMappingPeriod" name="test_empty_mapping_400" time="0.142" /><testcase classname="tests.test_iter100_settlement_mapping_period.TestIter100SettlementMappingPeriod" name="test_unknown_account_4xx" time="0.162" /><testcase classname="tests.test_iter100_settlement_mapping_period.TestIter100SettlementMappingPeriod" name="test_no_token_unauthorized" time="0.434" /><testcase classname="tests.test_iter100_settlement_mapping_period.TestIter100SettlementMappingPeriod" name="test_july_range" time="0.134" /><testcase classname="tests.test_iter100_settlement_mapping_period.TestIter100SettlementMappingPeriod" name="test_august_range" time="0.132" /><testcase classname="tests.test_iter100_settlement_mapping_period.TestIter100SettlementMappingPeriod" name="test_empty_range" time="0.533" /></testsuite></testsuites>