<?xml version="1.0" encoding="utf-8"?><testsuites name="pytest tests"><testsuite name="pytest" errors="0" failures="0" skipped="0" tests="29" time="4.057" timestamp="2026-09-05T06:03:45.018339+00:00" hostname="agent-env-09ad7052-46f8-429b-9b8b-025896250404"><testcase classname="tests.test_iter112_audit_fixes.TestRbacBankRecon" name="test_gudang_denied_list_sessions" time="0.401" /><testcase classname="tests.test_iter112_audit_fixes.TestRbacBankRecon" name="test_gudang_denied_summary" time="0.189" /><testcase classname="tests.test_iter112_audit_fixes.TestRbacBankRecon" name="test_gudang_denied_create_session" time="0.085" /><testcase classname="tests.test_iter112_audit_fixes.TestRbacBankRecon" name="test_gudang_denied_gl_entries" time="0.075" /><testcase classname="tests.test_iter112_audit_fixes.TestRbacBankRecon" name="test_admin_allowed" time="0.310" /><testcase classname="tests.test_iter112_audit_fixes.TestRbacBankRecon" name="test_gudang_denied_write_endpoints[post-/sessions/nonexistent/import-bulk-payload0]" time="0.086" /><testcase classname="tests.test_iter112_audit_fixes.TestRbacBankRecon" name="test_gudang_denied_write_endpoints[post-/sessions/nonexistent/auto-match-payload1]" time="0.080" /><testcase classname="tests.test_iter112_audit_fixes.TestRbacBankRecon" name="test_gudang_denied_write_endpoints[post-/sessions/nonexistent/transactions/xx/adjust-payload2]" time="0.111" /><testcase classname="tests.test_iter112_audit_fixes.TestRbacBankRecon" name="test_gudang_denied_write_endpoints[post-/sessions/nonexistent/approve-payload3]" time="0.075" /><testcase classname="tests.test_iter112_audit_fixes.TestRbacBankRecon" name="test_gudang_denied_write_endpoints[post-/sessions/nonexistent/match-payload4]" time="0.080" /><testcase classname="tests.test_iter112_audit_fixes.TestRbacBankRecon" name="test_gudang_denied_write_endpoints[get-/sessions/nonexistent/internal-check-None]" time="0.075" /><testcase classname="tests.test_iter112_audit_fixes.TestRbacBankRecon" name="test_gudang_denied_write_endpoints[delete-/sessions/nonexistent-None]" time="0.111" /><testcase classname="tests.test_iter112_audit_fixes.TestRbacBankRecon" name="test_finance_allowed_list" time="0.210" /><testcase classname="tests.test_iter112_audit_fixes.TestSessionAndAdjustGuard" name="test_01_admin_create_cash_account" time="0.075" /><testcase classname="tests.test_iter112_audit_fixes.TestSessionAndAdjustGuard" name="test_02_finance_create_session" time="0.088" /><testcase classname="tests.test_iter112_audit_fixes.TestSessionAndAdjustGuard" name="test_03_finance_import_manual_and_automatch" time="0.153" /><testcase classname="tests.test_iter112_audit_fixes.TestSessionAndAdjustGuard" name="test_04_adjust_outside_period_rejected" time="0.177" /><testcase classname="tests.test_iter112_audit_fixes.TestSessionAndAdjustGuard" name="test_05_adjust_in_period_creates_je_and_movement" time="0.257" /><testcase classname="tests.test_iter112_audit_fixes.TestSessionAndAdjustGuard" name="test_06_internal_check_movement_ok" time="0.076" /><testcase classname="tests.test_iter112_audit_fixes.TestLegacyAdjustments" name="test_01_create_and_post" time="0.175" /><testcase classname="tests.test_iter112_audit_fixes.TestLegacyAdjustments" name="test_02_repost_returns_400_not_500" time="0.075" /><testcase classname="tests.test_iter112_audit_fixes.TestLegacyAdjustments" name="test_03_gudang_denied_legacy_post" time="0.079" /><testcase classname="tests.test_iter112_audit_fixes.TestLegacyAdjustments" name="test_05_other_type_direction_follows_account[payload_extra0-out-1500]" time="0.172" /><testcase classname="tests.test_iter112_audit_fixes.TestLegacyAdjustments" name="test_05_other_type_direction_follows_account[payload_extra1-in-1750]" time="0.183" /><testcase classname="tests.test_iter112_audit_fixes.TestLegacyAdjustments" name="test_06_missing_accounts_other_returns_400" time="0.163" /><testcase classname="tests.test_iter112_audit_fixes.TestLegacyAdjustments" name="test_07_internal_check_shows_legacy_movement_ok" time="0.078" /><testcase classname="tests.test_iter112_audit_fixes.TestReportsRegression" name="test_balance_sheet_orphan_field" time="0.081" /><testcase classname="tests.test_iter112_audit_fixes.TestReportsRegression" name="test_ar_aging" time="0.080" /><testcase classname="tests.test_iter112_audit_fixes.TestReportsRegression" name="test_summary_admin" time="0.085" /></testsuite></testsuites>