<?xml version="1.0" encoding="utf-8"?><testsuites name="pytest tests"><testsuite name="pytest" errors="0" failures="0" skipped="0" tests="64" time="4.396" timestamp="2026-09-04T06:09:26.812888+00:00" hostname="agent-env-abe4eb15-13dd-4ea8-8aab-8f709ba7bf5b"><testcase classname="tests.test_iter106_maklon.TestFix3CancelPath" name="test_00_precondition_clean" time="0.216" /><testcase classname="tests.test_iter106_maklon.TestFix3CancelPath" name="test_01_eligible_contains_demo2" time="0.121" /><testcase classname="tests.test_iter106_maklon.TestFix3CancelPath" name="test_02_generate" time="0.116" /><testcase classname="tests.test_iter106_maklon.TestFix3CancelPath" name="test_03_generate_again_blocked" time="0.102" /><testcase classname="tests.test_iter106_maklon.TestFix3CancelPath" name="test_04_po_360" time="0.165" /><testcase classname="tests.test_iter106_maklon.TestFix3CancelPath" name="test_05_payment_and_unpay" time="0.241" /><testcase classname="tests.test_iter106_maklon.TestFix3CancelPath" name="test_06_cancel" time="0.230" /><testcase classname="tests.test_iter106_maklon.TestFix3CancelPath" name="test_07_regenerate_same_number" time="0.126" /><testcase classname="tests.test_iter106_maklon.TestFix3CancelPath" name="test_08_cleanup_cancel_and_sync" time="0.263" /><testcase classname="tests.test_iter106_maklon.TestAutoNumbering" name="test_10_policy_is_auto" time="0.103" /><testcase classname="tests.test_iter106_maklon.TestAutoNumbering" name="test_11_create_without_number" time="0.111" /><testcase classname="tests.test_iter106_maklon.TestAutoNumbering" name="test_12_manual_number_rejected" time="0.131" /><testcase classname="tests.test_iter106_maklon.TestAutoNumbering" name="test_13_maklon_finance_mirror" time="0.141" /><testcase classname="tests.test_iter106_maklon.TestAutoNumbering" name="test_14_delete_po_cascades" time="0.226" /><testcase classname="tests.test_iter106_maklon.TestCancelEdgeCases" name="test_20_cancel_blocked_when_paid" time="0.570" /><testcase classname="tests.test_iter106_maklon.TestCancelEdgeCases" name="test_21_cancel_unknown_id_404" time="0.177" /><testcase classname="tests.test_iter106_maklon.TestCancelEdgeCases" name="test_22_generate_with_manual_number_rejected" time="0.284" /><testcase classname="tests.test_iter106_maklon.TestCancelEdgeCases" name="test_23_double_cancel_and_final_state" time="0.482" /><testcase classname="tests.test_iter105_maklon" name="test_rbac_klien_denied[/api/dewi/maklon/pos]" time="0.007" /><testcase classname="tests.test_iter105_maklon" name="test_rbac_klien_denied[/api/dewi/maklon/invoices]" time="0.004" /><testcase classname="tests.test_iter105_maklon" name="test_rbac_klien_denied[/api/dewi/maklon/clients]" time="0.004" /><testcase classname="tests.test_iter105_maklon" name="test_rbac_klien_denied[/api/dewi/maklon/summary]" time="0.003" /><testcase classname="tests.test_iter105_maklon" name="test_rbac_klien_denied[/api/dewi/maklon/pos/po-mk-demo-2/360]" time="0.003" /><testcase classname="tests.test_iter105_maklon" name="test_rbac_klien_denied[/api/dewi/maklon/payments]" time="0.004" /><testcase classname="tests.test_iter105_maklon" name="test_rbac_klien_denied[/api/dewi/maklon/reports/aging]" time="0.004" /><testcase classname="tests.test_iter105_maklon" name="test_rbac_klien_denied[/api/prod/cmt-receipts]" time="0.006" /><testcase classname="tests.test_iter105_maklon" name="test_rbac_klien_denied[/api/production/cmt-billing?scope=maklon]" time="0.004" /><testcase classname="tests.test_iter105_maklon" name="test_rbac_klien_denied[/api/maklon/sla/dashboard]" time="0.006" /><testcase classname="tests.test_iter105_maklon" name="test_rbac_vendor_denied[/api/dewi/maklon/pos]" time="0.004" /><testcase classname="tests.test_iter105_maklon" name="test_rbac_vendor_denied[/api/dewi/maklon/invoices]" time="0.004" /><testcase classname="tests.test_iter105_maklon" name="test_rbac_vendor_denied[/api/dewi/maklon/clients]" time="0.004" /><testcase classname="tests.test_iter105_maklon" name="test_rbac_vendor_denied[/api/dewi/maklon/summary]" time="0.004" /><testcase classname="tests.test_iter105_maklon" name="test_rbac_vendor_denied[/api/dewi/maklon/pos/po-mk-demo-2/360]" time="0.004" /><testcase classname="tests.test_iter105_maklon" name="test_rbac_vendor_denied[/api/dewi/maklon/payments]" time="0.004" /><testcase classname="tests.test_iter105_maklon" name="test_rbac_vendor_denied[/api/dewi/maklon/reports/aging]" time="0.004" /><testcase classname="tests.test_iter105_maklon" name="test_rbac_vendor_denied[/api/prod/cmt-receipts]" time="0.009" /><testcase classname="tests.test_iter105_maklon" name="test_rbac_vendor_denied[/api/production/cmt-billing?scope=maklon]" time="0.004" /><testcase classname="tests.test_iter105_maklon" name="test_rbac_vendor_denied[/api/maklon/sla/dashboard]" time="0.006" /><testcase classname="tests.test_iter105_maklon" name="test_rbac_klien_post_cmt_receipt_denied" time="0.005" /><testcase classname="tests.test_iter105_maklon" name="test_rbac_vendor_short_shipments_allowed" time="0.006" /><testcase classname="tests.test_iter105_maklon" name="test_rbac_vendor_vendor_shipments_allowed" time="0.005" /><testcase classname="tests.test_iter105_maklon" name="test_rbac_klien_maklon_client_pos_allowed" time="0.011" /><testcase classname="tests.test_iter105_maklon" name="test_rbac_admin_still_ok[/api/dewi/maklon/pos]" time="0.012" /><testcase classname="tests.test_iter105_maklon" name="test_rbac_admin_still_ok[/api/dewi/maklon/invoices]" time="0.006" /><testcase classname="tests.test_iter105_maklon" name="test_rbac_admin_still_ok[/api/dewi/maklon/clients]" time="0.005" /><testcase classname="tests.test_iter105_maklon" name="test_rbac_admin_still_ok[/api/dewi/maklon/summary]" time="0.009" /><testcase classname="tests.test_iter105_maklon" name="test_rbac_admin_still_ok[/api/dewi/maklon/pos/po-mk-demo-2/360]" time="0.012" /><testcase classname="tests.test_iter105_maklon" name="test_rbac_admin_still_ok[/api/dewi/maklon/payments]" time="0.019" /><testcase classname="tests.test_iter105_maklon" name="test_rbac_admin_still_ok[/api/dewi/maklon/reports/aging]" time="0.005" /><testcase classname="tests.test_iter105_maklon" name="test_rbac_admin_still_ok[/api/prod/cmt-receipts]" time="0.008" /><testcase classname="tests.test_iter105_maklon" name="test_rbac_admin_still_ok[/api/production/cmt-billing?scope=maklon]" time="0.007" /><testcase classname="tests.test_iter105_maklon" name="test_rbac_admin_still_ok[/api/maklon/sla/dashboard]" time="0.009" /><testcase classname="tests.test_iter105_maklon" name="test_status_sync_create_po" time="0.021" /><testcase classname="tests.test_iter105_maklon" name="test_status_sync_mirror_created_with_selling_price" time="0.005" /><testcase classname="tests.test_iter105_maklon" name="test_status_sync_transition_and_close" time="0.050" /><testcase classname="tests.test_iter105_maklon" name="test_status_sync_cascade_delete" time="0.014" /><testcase classname="tests.test_iter105_maklon" name="test_invoice_eligible_list_contains_demo2" time="0.009" /><testcase classname="tests.test_iter105_maklon" name="test_invoice_generate_reuses_ar" time="0.012" /><testcase classname="tests.test_iter105_maklon" name="test_invoice_listed_once_in_dewi_and_ar" time="0.005" /><testcase classname="tests.test_iter105_maklon" name="test_invoice_generate_again_400" time="0.005" /><testcase classname="tests.test_iter105_maklon" name="test_po_360_reflects_invoice" time="0.011" /><testcase classname="tests.test_iter105_maklon" name="test_payment_propagation" time="0.012" /><testcase classname="tests.test_iter105_maklon" name="test_payment_delete_reverts" time="0.030" /><testcase classname="tests.test_iter105_maklon" name="test_invoice_cancel_reverts_ar_and_mirror" time="0.031" /></testsuite></testsuites>