<?xml version="1.0" encoding="utf-8"?><testsuites name="pytest tests"><testsuite name="pytest" errors="0" failures="0" skipped="0" tests="13" time="3.622" timestamp="2026-09-03T05:07:23.145401+00:00" hostname="agent-env-e8b920e2-9931-4f53-9475-29b83a4416de"><testcase classname="tests.test_iter103_internal_dispatch.TestA_InternalDispatchFlow" name="test_01_setup_internal_po_produced_10" time="2.129" /><testcase classname="tests.test_iter103_internal_dispatch.TestA_InternalDispatchFlow" name="test_02_dispatch_capacity_internal" time="0.095" /><testcase classname="tests.test_iter103_internal_dispatch.TestA_InternalDispatchFlow" name="test_03_dispatch_outstanding_internal" time="0.084" /><testcase classname="tests.test_iter103_internal_dispatch.TestA_InternalDispatchFlow" name="test_04_over_capacity_rejected" time="0.080" /><testcase classname="tests.test_iter103_internal_dispatch.TestA_InternalDispatchFlow" name="test_05_create_buyer_shipment_internal" time="0.111" /><testcase classname="tests.test_iter103_internal_dispatch.TestA_InternalDispatchFlow" name="test_06_capacity_after_shipment" time="0.087" /><testcase classname="tests.test_iter103_internal_dispatch.TestA_InternalDispatchFlow" name="test_07_fulfillment_internal_basis_produced" time="0.083" /><testcase classname="tests.test_iter103_internal_dispatch.TestA_InternalDispatchFlow" name="test_08_close_short_internal" time="0.221" /><testcase classname="tests.test_iter103_internal_dispatch.TestB_MaklonUnchanged" name="test_09_maklon_requires_source_receipts" time="0.219" /><testcase classname="tests.test_iter103_internal_dispatch.TestC_ExistingPOandReports" name="test_10_quantity_summary_existing_internal" time="0.123" /><testcase classname="tests.test_iter103_internal_dispatch.TestC_ExistingPOandReports" name="test_11_control_tower_all_wos" time="0.094" /><testcase classname="tests.test_iter103_internal_dispatch.TestC_ExistingPOandReports" name="test_12_stage_summary_by_process" time="0.085" /><testcase classname="tests.test_iter103_internal_dispatch.TestC_ExistingPOandReports" name="test_13_seed_sample_messages" time="0.078" /></testsuite></testsuites>