<?xml version="1.0" encoding="utf-8"?><testsuites name="pytest tests"><testsuite name="pytest" errors="0" failures="0" skipped="0" tests="8" time="3.078" timestamp="2026-09-05T12:41:46.346291+00:00" hostname="agent-env-f282c214-b7c2-4245-85b2-bd8552c7b4be"><testcase classname="tests.test_iter117_review" name="test_rbac_hr_forbidden_sales" time="1.540" /><testcase classname="tests.test_iter117_review" name="test_rbac_gudang_allowed_sales" time="0.323" /><testcase classname="tests.test_iter117_review" name="test_rbac_admin_allowed_sales" time="0.328" /><testcase classname="tests.test_iter117_review" name="test_cron_mark_overdue_no_auth" time="0.118" /><testcase classname="tests.test_iter117_review" name="test_cron_mark_overdue_accepted_and_duplicate" time="0.236" /><testcase classname="tests.test_iter117_review" name="test_cron_fg_valuation_check_secret" time="0.110" /><testcase classname="tests.test_iter117_review" name="test_cron_fg_valuation_run_now_admin" time="0.109" /><testcase classname="tests.test_iter117_review" name="test_production_po_cost_check" time="0.234" /></testsuite></testsuites>