<?xml version="1.0" encoding="utf-8"?><testsuites name="pytest tests"><testsuite name="pytest" errors="0" failures="0" skipped="0" tests="21" time="6.063" timestamp="2026-09-02T18:27:20.494632+00:00" hostname="agent-env-e8b920e2-9931-4f53-9475-29b83a4416de"><testcase classname="tests.test_iter98_settlement" name="test_accounts_list" time="3.290" /><testcase classname="tests.test_iter98_settlement" name="test_list_settlements_shape" time="0.089" /><testcase classname="tests.test_iter98_settlement" name="test_seeded_stl_test_001_present" time="0.081" /><testcase classname="tests.test_iter98_settlement" name="test_create_unbalanced" time="0.174" /><testcase classname="tests.test_iter98_settlement" name="test_duplicate_settlement_rejected" time="0.079" /><testcase classname="tests.test_iter98_settlement" name="test_journal_rejected_when_unbalanced" time="0.087" /><testcase classname="tests.test_iter98_settlement" name="test_update_to_balanced" time="0.190" /><testcase classname="tests.test_iter98_settlement" name="test_create_journal" time="0.081" /><testcase classname="tests.test_iter98_settlement" name="test_journal_idempotent" time="0.092" /><testcase classname="tests.test_iter98_settlement" name="test_edit_blocked_when_journaled" time="0.089" /><testcase classname="tests.test_iter98_settlement" name="test_post_journal" time="0.171" /><testcase classname="tests.test_iter98_settlement" name="test_post_journal_idempotent" time="0.077" /><testcase classname="tests.test_iter98_settlement" name="test_reconcile_by_settlement_id" time="0.081" /><testcase classname="tests.test_iter98_settlement" name="test_reconcile_unknown_settlement_404" time="0.077" /><testcase classname="tests.test_iter98_settlement" name="test_coa_map" time="0.081" /><testcase classname="tests.test_iter98_settlement" name="test_delete_journaled_rejected" time="0.163" /><testcase classname="tests.test_iter98_settlement" name="test_delete_without_journal_succeeds" time="0.226" /><testcase classname="tests.test_iter98_settlement" name="test_unauthenticated_list_rejected" time="0.157" /><testcase classname="tests.test_iter98_settlement" name="test_invalid_body_rejected" time="0.083" /><testcase classname="tests.test_iter98_settlement" name="test_unknown_account_rejected" time="0.080" /><testcase classname="tests.test_iter98_settlement" name="test_get_unknown_settlement_404" time="0.089" /></testsuite></testsuites>