<?xml version="1.0" encoding="utf-8"?><testsuites name="pytest tests"><testsuite name="pytest" errors="0" failures="6" skipped="1" tests="46" time="0.542" timestamp="2026-09-04T05:07:07.324423+00:00" hostname="agent-env-a6b45e7b-b4f0-4d77-a997-4a660c3ce815"><testcase classname="tests.test_iter105_maklon" name="test_rbac_klien_denied[/api/dewi/maklon/pos]" time="0.011" /><testcase classname="tests.test_iter105_maklon" name="test_rbac_klien_denied[/api/dewi/maklon/invoices]" time="0.005" /><testcase classname="tests.test_iter105_maklon" name="test_rbac_klien_denied[/api/dewi/maklon/clients]" time="0.004" /><testcase classname="tests.test_iter105_maklon" name="test_rbac_klien_denied[/api/dewi/maklon/summary]" time="0.004" /><testcase classname="tests.test_iter105_maklon" name="test_rbac_klien_denied[/api/dewi/maklon/pos/po-mk-demo-3/360]" time="0.004" /><testcase classname="tests.test_iter105_maklon" name="test_rbac_klien_denied[/api/dewi/maklon/payments]" time="0.004" /><testcase classname="tests.test_iter105_maklon" name="test_rbac_klien_denied[/api/dewi/maklon/reports/aging]" time="0.005" /><testcase classname="tests.test_iter105_maklon" name="test_rbac_klien_denied[/api/prod/cmt-receipts]" time="0.006" /><testcase classname="tests.test_iter105_maklon" name="test_rbac_klien_denied[/api/production/cmt-billing?scope=maklon]" time="0.004" /><testcase classname="tests.test_iter105_maklon" name="test_rbac_klien_denied[/api/maklon/sla/dashboard]" time="0.007" /><testcase classname="tests.test_iter105_maklon" name="test_rbac_vendor_denied[/api/dewi/maklon/pos]" time="0.004" /><testcase classname="tests.test_iter105_maklon" name="test_rbac_vendor_denied[/api/dewi/maklon/invoices]" time="0.005" /><testcase classname="tests.test_iter105_maklon" name="test_rbac_vendor_denied[/api/dewi/maklon/clients]" time="0.005" /><testcase classname="tests.test_iter105_maklon" name="test_rbac_vendor_denied[/api/dewi/maklon/summary]" time="0.004" /><testcase classname="tests.test_iter105_maklon" name="test_rbac_vendor_denied[/api/dewi/maklon/pos/po-mk-demo-3/360]" time="0.006" /><testcase classname="tests.test_iter105_maklon" name="test_rbac_vendor_denied[/api/dewi/maklon/payments]" time="0.006" /><testcase classname="tests.test_iter105_maklon" name="test_rbac_vendor_denied[/api/dewi/maklon/reports/aging]" time="0.005" /><testcase classname="tests.test_iter105_maklon" name="test_rbac_vendor_denied[/api/prod/cmt-receipts]" time="0.007" /><testcase classname="tests.test_iter105_maklon" name="test_rbac_vendor_denied[/api/production/cmt-billing?scope=maklon]" time="0.005" /><testcase classname="tests.test_iter105_maklon" name="test_rbac_vendor_denied[/api/maklon/sla/dashboard]" time="0.007" /><testcase classname="tests.test_iter105_maklon" name="test_rbac_klien_post_cmt_receipt_denied" time="0.006" /><testcase classname="tests.test_iter105_maklon" name="test_rbac_vendor_short_shipments_allowed" time="0.008" /><testcase classname="tests.test_iter105_maklon" name="test_rbac_vendor_vendor_shipments_allowed" time="0.006" /><testcase classname="tests.test_iter105_maklon" name="test_rbac_klien_maklon_client_pos_allowed" time="0.008" /><testcase classname="tests.test_iter105_maklon" name="test_rbac_admin_still_ok[/api/dewi/maklon/pos]" time="0.007" /><testcase classname="tests.test_iter105_maklon" name="test_rbac_admin_still_ok[/api/dewi/maklon/invoices]" time="0.006" /><testcase classname="tests.test_iter105_maklon" name="test_rbac_admin_still_ok[/api/dewi/maklon/clients]" time="0.006" /><testcase classname="tests.test_iter105_maklon" name="test_rbac_admin_still_ok[/api/dewi/maklon/summary]" time="0.010" /><testcase classname="tests.test_iter105_maklon" name="test_rbac_admin_still_ok[/api/dewi/maklon/pos/po-mk-demo-3/360]" time="0.014" /><testcase classname="tests.test_iter105_maklon" name="test_rbac_admin_still_ok[/api/dewi/maklon/payments]" time="0.006" /><testcase classname="tests.test_iter105_maklon" name="test_rbac_admin_still_ok[/api/dewi/maklon/reports/aging]" time="0.006" /><testcase classname="tests.test_iter105_maklon" name="test_rbac_admin_still_ok[/api/prod/cmt-receipts]" time="0.010" /><testcase classname="tests.test_iter105_maklon" name="test_rbac_admin_still_ok[/api/production/cmt-billing?scope=maklon]" time="0.009" /><testcase classname="tests.test_iter105_maklon" name="test_rbac_admin_still_ok[/api/maklon/sla/dashboard]" time="0.009" /><testcase classname="tests.test_iter105_maklon" name="test_status_sync_create_po" time="0.072" /><testcase classname="tests.test_iter105_maklon" name="test_status_sync_mirror_created_with_selling_price" time="0.005" /><testcase classname="tests.test_iter105_maklon" name="test_status_sync_transition_and_close" time="0.032" /><testcase classname="tests.test_iter105_maklon" name="test_status_sync_cascade_delete" time="0.020" /><testcase classname="tests.test_iter105_maklon" name="test_invoice_eligible_list_contains_demo2" time="0.008" /><testcase classname="tests.test_iter105_maklon" name="test_invoice_generate_reuses_ar" time="0.006"><failure message="AssertionError: {&quot;status&quot;:400,&quot;request_id&quot;:&quot;fdf0151eea44&quot;,&quot;detail&quot;:&quot;AR INV-MKL-2026-0009 sudah berstatus issued&quot;}&#10;assert 400 == 200&#10; +  where 400 = &lt;Response [400]&gt;.status_code">backend/tests/test_iter105_maklon.py:192: in test_invoice_generate_reuses_ar
    assert r.status_code == 200, r.text
E   AssertionError: {"status":400,"request_id":"fdf0151eea44","detail":"AR INV-MKL-2026-0009 sudah berstatus issued"}
E   assert 400 == 200
E    +  where 400 = &lt;Response [400]&gt;.status_code</failure></testcase><testcase classname="tests.test_iter105_maklon" name="test_invoice_listed_once_in_dewi_and_ar" time="0.000"><failure message="KeyError: 'id'">backend/tests/test_iter105_maklon.py:213: in test_invoice_listed_once_in_dewi_and_ar
    inv_id = _inv["id"]
             ^^^^^^^^^^
E   KeyError: 'id'</failure></testcase><testcase classname="tests.test_iter105_maklon" name="test_invoice_generate_again_400" time="0.007"><failure message="assert 'invoice' in '{&quot;status&quot;:400,&quot;request_id&quot;:&quot;3bd47b877b1e&quot;,&quot;detail&quot;:&quot;ar inv-mkl-2026-0009 sudah berstatus issued&quot;}'&#10; +  where '{&quot;status&quot;:400,&quot;request_id&quot;:&quot;3bd47b877b1e&quot;,&quot;detail&quot;:&quot;ar inv-mkl-2026-0009 sudah berstatus issued&quot;}' = &lt;built-in method lower of str object at 0xfb751102f410&gt;()&#10; +    where &lt;built-in method lower of str object at 0xfb751102f410&gt; = '{&quot;status&quot;:400,&quot;request_id&quot;:&quot;3bd47b877b1e&quot;,&quot;detail&quot;:&quot;AR INV-MKL-2026-0009 sudah berstatus issued&quot;}'.lower&#10; +      where '{&quot;status&quot;:400,&quot;request_id&quot;:&quot;3bd47b877b1e&quot;,&quot;detail&quot;:&quot;AR INV-MKL-2026-0009 sudah berstatus issued&quot;}' = &lt;Response [400]&gt;.text">backend/tests/test_iter105_maklon.py:228: in test_invoice_generate_again_400
    assert "invoice" in r.text.lower()
E   assert 'invoice' in '{"status":400,"request_id":"3bd47b877b1e","detail":"ar inv-mkl-2026-0009 sudah berstatus issued"}'
E    +  where '{"status":400,"request_id":"3bd47b877b1e","detail":"ar inv-mkl-2026-0009 sudah berstatus issued"}' = &lt;built-in method lower of str object at 0xfb751102f410&gt;()
E    +    where &lt;built-in method lower of str object at 0xfb751102f410&gt; = '{"status":400,"request_id":"3bd47b877b1e","detail":"AR INV-MKL-2026-0009 sudah berstatus issued"}'.lower
E    +      where '{"status":400,"request_id":"3bd47b877b1e","detail":"AR INV-MKL-2026-0009 sudah berstatus issued"}' = &lt;Response [400]&gt;.text</failure></testcase><testcase classname="tests.test_iter105_maklon" name="test_po_360_reflects_invoice" time="0.011"><failure message="AssertionError: (0, 999000)&#10;assert 999000 &lt; 1&#10; +  where 999000 = abs(((0 or 0) - 999000))&#10; +    where 0 = &lt;built-in method get of dict object at 0xfb7510eb1940&gt;('invoiced_amount')&#10; +      where &lt;built-in method get of dict object at 0xfb7510eb1940&gt; = {'client_name': 'CV Bumi Sportwear', 'deadline': None, 'dispatch_count': 0, 'dispatch_pct': 0.0, ...}.get">backend/tests/test_iter105_maklon.py:239: in test_po_360_reflects_invoice
    assert abs((kpi.get("invoiced_amount") or 0) - expected) &lt; 1, (kpi.get("invoiced_amount"), expected)
E   AssertionError: (0, 999000)
E   assert 999000 &lt; 1
E    +  where 999000 = abs(((0 or 0) - 999000))
E    +    where 0 = &lt;built-in method get of dict object at 0xfb7510eb1940&gt;('invoiced_amount')
E    +      where &lt;built-in method get of dict object at 0xfb7510eb1940&gt; = {'client_name': 'CV Bumi Sportwear', 'deadline': None, 'dispatch_count': 0, 'dispatch_pct': 0.0, ...}.get</failure></testcase><testcase classname="tests.test_iter105_maklon" name="test_payment_propagation" time="0.000"><failure message="KeyError: 'id'">backend/tests/test_iter105_maklon.py:248: in test_payment_propagation
    json={"invoice_id": _inv["id"], "amount": 100000, "method": "transfer"})
                        ^^^^^^^^^^
E   KeyError: 'id'</failure></testcase><testcase classname="tests.test_iter105_maklon" name="test_payment_delete_reverts" time="0.000"><skipped type="pytest.skip" message="no payment id">/app/backend/tests/test_iter105_maklon.py:265: no payment id</skipped></testcase><testcase classname="tests.test_iter105_maklon" name="test_invoice_cancel_reverts_ar_and_mirror" time="0.000"><failure message="KeyError: 'id'">backend/tests/test_iter105_maklon.py:276: in test_invoice_cancel_reverts_ar_and_mirror
    r = requests.post(BE_LOCAL + f"/api/dewi/maklon/invoices/{_inv['id']}/cancel", headers=Hadmin)
                                                              ^^^^^^^^^^
E   KeyError: 'id'</failure></testcase></testsuite></testsuites>