<?xml version="1.0" encoding="utf-8"?><testsuites name="pytest tests"><testsuite name="pytest" errors="0" failures="0" skipped="0" tests="15" time="1.721" timestamp="2026-07-28T03:58:02.066627+00:00" hostname="agent-env-2b65ddf5-c5ed-4357-92db-3b0666473a27"><testcase classname="tests.test_iteration_7_warehouse_regression.TestPutawayInputUomFlow" name="test_place_with_explicit_base_uom_noop" time="0.520" /><testcase classname="tests.test_iteration_7_warehouse_regression.TestWarehouseSmokeGET" name="test_get_no_500[/api/wms/putaway/pending]" time="0.409" /><testcase classname="tests.test_iteration_7_warehouse_regression.TestWarehouseSmokeGET" name="test_get_no_500[/api/wms/putaway/locations]" time="0.059" /><testcase classname="tests.test_iteration_7_warehouse_regression.TestWarehouseSmokeGET" name="test_get_no_500[/api/wms/quarantine?status=all]" time="0.057" /><testcase classname="tests.test_iteration_7_warehouse_regression.TestPutawayInputUomFlow" name="test_place_unknown_uom_returns_400_not_500" time="0.227" /><testcase classname="tests.test_iteration_7_warehouse_regression.TestWarehouseSmokeGET" name="test_get_no_500[/api/wms/quarantine/summary]" time="0.061" /><testcase classname="tests.test_iteration_7_warehouse_regression.TestWarehouseSmokeGET" name="test_get_no_500[/api/wms/opname3/sessions]" time="0.058" /><testcase classname="tests.test_iteration_7_warehouse_regression.TestWarehouseSmokeGET" name="test_get_no_500[/api/wms/picklist]" time="0.098" /><testcase classname="tests.test_iteration_7_warehouse_regression.TestWarehouseSmokeGET" name="test_get_no_500[/api/wms/delivery-notes]" time="0.062" /><testcase classname="tests.test_iteration_7_warehouse_regression.TestOpnameInputUomFlow" name="test_opname_full_cycle_with_input_uom" time="0.479" /><testcase classname="tests.test_iteration_7_warehouse_regression.TestWarehouseSmokeGET" name="test_get_no_500[/api/wms/cmt-dispatches]" time="0.102" /><testcase classname="tests.test_iteration_7_warehouse_regression.TestWarehouseSmokeGET" name="test_get_no_500[/api/wms/fabric-rolls]" time="0.059" /><testcase classname="tests.test_iteration_7_warehouse_regression.TestWarehouseSmokeGET" name="test_get_no_500[/api/wms/structure/buildings]" time="0.062" /><testcase classname="tests.test_iteration_7_warehouse_regression.TestWarehouseSmokeGET" name="test_get_no_500[/api/wms/pending/summary]" time="0.058" /><testcase classname="tests.test_iteration_7_warehouse_regression.TestWarehouseSmokeGET" name="test_get_no_500[/api/wms/rack-alerts]" time="0.056" /></testsuite></testsuites>