<?xml version="1.0" encoding="utf-8"?><testsuites name="pytest tests"><testsuite name="pytest" errors="0" failures="0" skipped="0" tests="18" time="6.452" timestamp="2026-09-05T11:25:28.685488+00:00" hostname="agent-env-733f8766-af1f-43ab-a420-4dc774985819"><testcase classname="tests.test_iter115_internal_handover" name="test_01_internal_dispatch_is_handover_only" time="0.465" /><testcase classname="tests.test_iter115_internal_handover" name="test_02_h07_endpoint_removed" time="0.118" /><testcase classname="tests.test_iter115_internal_handover" name="test_03_wip_to_fg_on_cmt_receipt_internal" time="0.203" /><testcase classname="tests.test_iter115_internal_handover" name="test_04_balance_sheet_ok" time="0.110" /><testcase classname="tests.test_iter115_internal_handover" name="test_zz_cleanup" time="0.003" /><testcase classname="tests.test_iter114_h07_m09_alerts" name="test_20_year_end_close" time="2.778" /><testcase classname="tests.test_iter114_h07_m09_alerts" name="test_21_year_end_reverse" time="0.328" /><testcase classname="tests.test_iter114_h07_m09_alerts" name="test_22_year_end_rbac" time="0.270" /><testcase classname="tests.test_iter114_h07_m09_alerts" name="test_30_period_alert_flow" time="0.645" /><testcase classname="tests.test_iter114_h07_m09_alerts" name="test_31_alert_resolve_manual" time="0.311" /><testcase classname="tests.test_iter114_h07_m09_alerts" name="test_zz_cleanup" time="0.004" /><testcase classname="tests.test_iter113_period_guard" name="test_00_policy" time="0.253" /><testcase classname="tests.test_iter113_period_guard" name="test_01_future_rejected" time="0.144" /><testcase classname="tests.test_iter113_period_guard" name="test_02_far_past_unopened_rejected" time="0.102" /><testcase classname="tests.test_iter113_period_guard" name="test_03_current_year_auto_creates_periods" time="0.115" /><testcase classname="tests.test_iter113_period_guard" name="test_04_closed_period_blocks_then_reopen" time="0.412" /><testcase classname="tests.test_iter113_period_guard" name="test_05_posting_engine_graceful" time="0.005" /><testcase classname="tests.test_iter113_period_guard" name="test_zz_cleanup" time="0.002" /></testsuite></testsuites>