<?xml version="1.0" encoding="utf-8"?><testsuites name="pytest tests"><testsuite name="pytest" errors="0" failures="0" skipped="1" tests="14" time="2.147" timestamp="2026-09-02T19:05:24.719026+00:00" hostname="agent-env-e8b920e2-9931-4f53-9475-29b83a4416de"><testcase classname="tests.test_iter99_settlement_import_bystore.TestImportPreviewErrors" name="test_order_export_rejected_400" time="0.451" /><testcase classname="tests.test_iter99_settlement_import_bystore.TestByAccount" name="test_default_month" time="0.497" /><testcase classname="tests.test_iter99_settlement_import_bystore.TestImportPreviewErrors" name="test_pdf_extension_415" time="0.207" /><testcase classname="tests.test_iter99_settlement_import_bystore.TestByAccount" name="test_month_july" time="0.192" /><testcase classname="tests.test_iter99_settlement_import_bystore.TestImportPreviewErrors" name="test_png_extension_415" time="0.140" /><testcase classname="tests.test_iter99_settlement_import_bystore.TestByAccount" name="test_month_empty" time="0.215" /><testcase classname="tests.test_iter99_settlement_import_bystore.TestImportPreviewErrors" name="test_empty_file_400" time="0.164" /><testcase classname="tests.test_iter99_settlement_import_bystore.TestByAccount" name="test_bad_month_400" time="0.163" /><testcase classname="tests.test_iter99_settlement_import_bystore.TestImportPreviewErrors" name="test_no_token_401" time="0.185" /><testcase classname="tests.test_iter99_settlement_import_bystore.TestByAccount" name="test_no_mongo_id_leak" time="0.131" /><testcase classname="tests.test_iter99_settlement_import_bystore.TestImportPreviewErrors" name="test_non_finance_user_403" time="0.144"><skipped type="pytest.skip" message="hr@dewiaditya.id not usable (401)">/app/backend/tests/test_iter99_settlement_import_bystore.py:143: hr@dewiaditya.id not usable (401)</skipped></testcase><testcase classname="tests.test_iter99_settlement_import_bystore.TestImportPreviewShopee" name="test_shopee_csv_preview" time="0.168" /><testcase classname="tests.test_iter99_settlement_import_bystore.TestImportPreviewTiktok" name="test_tiktok_xlsx_preview" time="0.128" /><testcase classname="tests.test_iter99_settlement_import_bystore.TestImportPreviewShopee" name="test_preview_does_not_persist" time="0.426" /></testsuite></testsuites>