<?xml version="1.0" encoding="utf-8"?><testsuites name="pytest tests"><testsuite name="pytest" errors="0" failures="1" skipped="0" tests="12" time="4.370" timestamp="2026-09-03T04:29:30.101959+00:00" hostname="agent-env-e8b920e2-9931-4f53-9475-29b83a4416de"><testcase classname="tests.test_iter102_prod_audit.TestIter102" name="test_01_control_tower" time="1.336" /><testcase classname="tests.test_iter102_prod_audit.TestIter102" name="test_02_control_tower_wo_list" time="0.233" /><testcase classname="tests.test_iter102_prod_audit.TestIter102" name="test_03_control_tower_alerts" time="0.085" /><testcase classname="tests.test_iter102_prod_audit.TestIter102" name="test_04_stage_summary_demo_po" time="0.078" /><testcase classname="tests.test_iter102_prod_audit.TestIter102" name="test_05_seed_sample_idempotent" time="0.155" /><testcase classname="tests.test_iter102_prod_audit.TestIter102" name="test_06_create_internal_po" time="0.222" /><testcase classname="tests.test_iter102_prod_audit.TestIter102" name="test_07_confirm_po_and_create_job" time="0.313" /><testcase classname="tests.test_iter102_prod_audit.TestIter102" name="test_08_material_issue_to_issued" time="0.631" /><testcase classname="tests.test_iter102_prod_audit.TestIter102" name="test_09_production_progress" time="0.232" /><testcase classname="tests.test_iter102_prod_audit.TestIter102" name="test_10_cross_endpoint_consistency" time="0.469" /><testcase classname="tests.test_iter102_prod_audit.TestIter102" name="test_11_buyer_shipment" time="0.217"><failure message="Failed: buyer shipment untuk PO internal tertolak: 400 {&quot;status&quot;:400,&quot;request_id&quot;:&quot;8adc4eca5869&quot;,&quot;detail&quot;:&quot;Buyer shipment dari DA wajib source_receipt_ids[] (mengacu ke cmt_receipts status Approved). Phase B enforcement.&quot;}">E   Failed: buyer shipment untuk PO internal tertolak: 400 {"status":400,"request_id":"8adc4eca5869","detail":"Buyer shipment dari DA wajib source_receipt_ids[] (mengacu ke cmt_receipts status Approved). Phase B enforcement."}</failure></testcase><testcase classname="tests.test_iter102_prod_audit.TestIter102" name="test_12_po_closure_state_machine" time="0.289" /></testsuite></testsuites>