<?xml version="1.0" encoding="utf-8"?><testsuites name="pytest tests"><testsuite name="pytest" errors="0" failures="1" skipped="0" tests="13" time="1.098" timestamp="2026-08-26T03:18:58.455523+00:00" hostname="agent-env-8a814342-efc6-4fea-b40c-3f1b67f3e429"><testcase classname="tests.test_iter96_cogs_fifo_journal.TestFifoCogsJournal" name="test_a_basis_is_fifo_batch_and_amount_equals_fg_cogs" time="0.066" /><testcase classname="tests.test_iter96_cogs_fifo_journal.TestFifoCogsJournal" name="test_a_journal_balanced_and_fg_credit_equals_total" time="0.000" /><testcase classname="tests.test_iter96_cogs_fifo_journal.TestFifoCogsJournal" name="test_a_split_across_three_debit_accounts_from_breakdown" time="0.000" /><testcase classname="tests.test_iter96_cogs_fifo_journal.TestFifoCogsJournal" name="test_a_memo_states_the_cost_basis" time="0.000" /><testcase classname="tests.test_iter96_cogs_fifo_journal.TestFifoCogsJournal" name="test_b_idempotent_single_journal" time="0.000" /><testcase classname="tests.test_iter96_cogs_fifo_journal.TestFifoCogsJournal" name="test_c_uncosted_qty_reported_with_note" time="0.000" /><testcase classname="tests.test_iter96_cogs_fifo_journal.TestFifoCogsJournal" name="test_d_hpp_snapshot_fallback" time="0.000" /><testcase classname="tests.test_iter96_cogs_fifo_journal.TestFifoCogsJournal" name="test_e_no_layers_no_snapshot_means_no_journal" time="0.000" /><testcase classname="tests.test_iter96_cogs_fifo_journal.TestFifoCogsJournal" name="test_f_fully_uncosted_line_must_still_be_disclosed" time="0.000"><failure message="AssertionError: 10 pcs left the warehouse with no cost layer but uncosted_qty=0 and note=None&#10;assert 0 == 10&#10; +  where 0 = int((0 or 0))&#10; +    where 0 = &lt;built-in method get of dict object at 0xf83a102c0a00&gt;('uncosted_qty')&#10; +      where &lt;built-in method get of dict object at 0xf83a102c0a00&gt; = {'amount': 40000.0, 'basis': 'fifo_batch', 'detail': [{'amount': 40000, 'layers': 1, 'qty': 4, 'sku': 'T1-F44-031858-785c-SKU', ...}], 'je_id': '24fe91bd-04c7-4864-81d5-c8f5234ed9b9', ...}.get">E   AssertionError: 10 pcs left the warehouse with no cost layer but uncosted_qty=0 and note=None
    assert 0 == 10
     +  where 0 = int((0 or 0))
     +    where 0 = &lt;built-in method get of dict object at 0xf83a102c0a00&gt;('uncosted_qty')
     +      where &lt;built-in method get of dict object at 0xf83a102c0a00&gt; = {'amount': 40000.0, 'basis': 'fifo_batch', 'detail': [{'amount': 40000, 'layers': 1, 'qty': 4, 'sku': 'T1-F44-031858-785c-SKU', ...}], 'je_id': '24fe91bd-04c7-4864-81d5-c8f5234ed9b9', ...}.get</failure></testcase><testcase classname="tests.test_iter96_cogs_fifo_journal.TestFifoCogsJournal" name="test_z_no_test_artifacts_left_behind" time="0.000" /><testcase classname="tests.test_iter96_cogs_fifo_journal.TestBuyerShipmentApiRegression" name="test_list_buyer_shipments" time="0.524" /><testcase classname="tests.test_iter96_cogs_fifo_journal.TestBuyerShipmentApiRegression" name="test_detail_buyer_shipment_has_items" time="0.092" /><testcase classname="tests.test_iter96_cogs_fifo_journal.TestBuyerShipmentApiRegression" name="test_detail_unknown_id_returns_404" time="0.052" /></testsuite></testsuites>