<?xml version="1.0" encoding="utf-8"?><testsuites name="pytest tests"><testsuite name="pytest" errors="0" failures="2" skipped="0" tests="24" time="7.114" timestamp="2026-09-05T12:40:54.321428+00:00" hostname="agent-env-f282c214-b7c2-4245-85b2-bd8552c7b4be"><testcase classname="tests.test_iter117_sales_cron" name="test_00_seed" time="0.003" /><testcase classname="tests.test_iter117_sales_cron" name="test_01_customer_crud" time="0.761" /><testcase classname="tests.test_iter117_sales_cron" name="test_02_fg_stock_list" time="0.118" /><testcase classname="tests.test_iter117_sales_cron" name="test_03_validation" time="0.451" /><testcase classname="tests.test_iter117_sales_cron" name="test_04_cash_sale_ppn" time="0.405" /><testcase classname="tests.test_iter117_sales_cron" name="test_05_credit_sale_payment_overdue" time="1.189" /><testcase classname="tests.test_iter117_sales_cron" name="test_06_cancel_draft_only" time="0.353" /><testcase classname="tests.test_iter117_sales_cron" name="test_07_list_detail_pdf_dashboard" time="0.422" /><testcase classname="tests.test_iter117_sales_cron" name="test_08_rbac" time="0.706" /><testcase classname="tests.test_iter117_sales_cron" name="test_09_fg_valuation_cron" time="0.288" /><testcase classname="tests.test_iter117_sales_cron" name="test_10_po_cost_check" time="0.237" /><testcase classname="tests.test_iter117_sales_cron" name="test_99_cleanup" time="0.007" /><testcase classname="tests.test_iter116_fg_valuation_backfill" name="test_00_seed" time="0.002" /><testcase classname="tests.test_iter116_fg_valuation_backfill" name="test_01_valuation_before_backfill" time="0.321" /><testcase classname="tests.test_iter116_fg_valuation_backfill" name="test_02_backfill_dry_run" time="0.140" /><testcase classname="tests.test_iter116_fg_valuation_backfill" name="test_03_backfill_gudang_forbidden" time="0.286" /><testcase classname="tests.test_iter116_fg_valuation_backfill" name="test_04_backfill_run" time="0.247" /><testcase classname="tests.test_iter116_fg_valuation_backfill" name="test_05_valuation_after_backfill" time="0.222"><failure message="assert 0.0 == -514000.0">backend/tests/test_iter116_fg_valuation_backfill.py:133: in test_05_valuation_after_backfill
    assert d2["totals"]["gl_balance"] == S["gl_before"]
E   assert 0.0 == -514000.0</failure></testcase><testcase classname="tests.test_iter116_fg_valuation_backfill" name="test_zz_cleanup" time="0.004" /><testcase classname="tests.test_iter115_internal_handover" name="test_01_internal_dispatch_is_handover_only" time="0.293" /><testcase classname="tests.test_iter115_internal_handover" name="test_02_h07_endpoint_removed" time="0.102" /><testcase classname="tests.test_iter115_internal_handover" name="test_03_wip_to_fg_on_cmt_receipt_internal" time="0.204" /><testcase classname="tests.test_iter115_internal_handover" name="test_04_balance_sheet_ok" time="0.131"><failure message="assert (200 == 200 and False is True)&#10; +  where 200 = &lt;Response [200]&gt;.status_code">backend/tests/test_iter115_internal_handover.py:131: in test_04_balance_sheet_ok
    assert r.status_code == 200 and r.json()["balanced"] is True
E   assert (200 == 200 and False is True)
E    +  where 200 = &lt;Response [200]&gt;.status_code</failure></testcase><testcase classname="tests.test_iter115_internal_handover" name="test_zz_cleanup" time="0.003" /></testsuite></testsuites>