<?xml version="1.0" encoding="utf-8"?><testsuites name="pytest tests"><testsuite name="pytest" errors="0" failures="0" skipped="0" tests="41" time="9.615" timestamp="2026-09-05T05:58:11.744346+00:00" hostname="agent-env-09ad7052-46f8-429b-9b8b-025896250404"><testcase classname="tests.test_iter108_finance.TestCmtPay" name="test_00_setup" time="0.253" /><testcase classname="tests.test_iter108_finance.TestCmtPay" name="test_01_partial_pay_posts_ap_to_wip" time="0.118" /><testcase classname="tests.test_iter108_finance.TestCmtPay" name="test_02_pay_rest_then_reject" time="0.240" /><testcase classname="tests.test_iter108_finance.TestCmtPay" name="test_03_void_first" time="0.104" /><testcase classname="tests.test_iter108_finance.TestCmtPay" name="test_04_billing_list" time="0.082" /><testcase classname="tests.test_iter108_finance.TestArAging" name="test_00_internal_invoice" time="0.171" /><testcase classname="tests.test_iter108_finance.TestArAging" name="test_01_partial_payment" time="0.099" /><testcase classname="tests.test_iter108_finance.TestArAging" name="test_02_single_aging" time="0.576" /><testcase classname="tests.test_iter108_finance.TestHppAbsorption" name="test_00_wip_to_fg" time="0.190" /><testcase classname="tests.test_iter108_finance.TestHppAbsorption" name="test_01_posting_profiles" time="0.075" /><testcase classname="tests.test_iter108_finance.TestRegression" name="test_balance_sheet" time="0.236" /><testcase classname="tests.test_iter108_finance.TestRegression" name="test_zz_cleanup_qa_data" time="0.005" /><testcase classname="tests.test_iter110_bank_recon.TestBankRecon" name="test_00_setup_account_and_gl" time="0.185" /><testcase classname="tests.test_iter110_bank_recon.TestBankRecon" name="test_01_session_requires_cash_account" time="0.261" /><testcase classname="tests.test_iter110_bank_recon.TestBankRecon" name="test_02_gl_lines_only_bank_account" time="0.084" /><testcase classname="tests.test_iter110_bank_recon.TestBankRecon" name="test_03_import_csv_direction" time="0.085" /><testcase classname="tests.test_iter110_bank_recon.TestBankRecon" name="test_04_auto_match_tolerance" time="0.082" /><testcase classname="tests.test_iter110_bank_recon.TestBankRecon" name="test_05_adjust_from_txn_uses_session_bank_account" time="0.178" /><testcase classname="tests.test_iter110_bank_recon.TestBankRecon" name="test_06_manual_unmatch_match_direction_guard" time="0.367" /><testcase classname="tests.test_iter110_bank_recon.TestBankRecon" name="test_07_internal_check_and_summary" time="0.161" /><testcase classname="tests.test_iter110_bank_recon.TestBankRecon" name="test_08_approve_guard_then_approve" time="0.336" /><testcase classname="tests.test_iter110_bank_recon.TestFulfillmentCogsFifo" name="test_00_post_cogs_shipment_uses_fifo_layers" time="0.014" /><testcase classname="tests.test_iter110_bank_recon.TestFulfillmentCogsFifo" name="test_01_balance_sheet" time="0.079" /><testcase classname="tests.test_iter110_bank_recon.TestRbacAndCleanup" name="test_00_non_finance_role_forbidden" time="0.458" /><testcase classname="tests.test_iter110_bank_recon.TestRbacAndCleanup" name="test_99_cleanup_test_data" time="0.006" /><testcase classname="tests.test_iter110_extra.TestBankReconExtra" name="test_00_summary" time="0.085" /><testcase classname="tests.test_iter110_extra.TestBankReconExtra" name="test_01_gl_entries_requires_session" time="0.089" /><testcase classname="tests.test_iter110_extra.TestBankReconExtra" name="test_02_import_bulk_direction" time="0.415" /><testcase classname="tests.test_iter110_extra.TestBankReconExtra" name="test_03_settlement_candidates" time="0.431" /><testcase classname="tests.test_iter110_extra.TestBankReconExtra" name="test_04_approve_unexplained_requires_confirm" time="0.534" /><testcase classname="tests.test_iter110_extra.TestBankReconExtra" name="test_99_cleanup" time="0.002" /><testcase classname="tests.test_iter110_extra.TestRegression" name="test_balance_sheet_balanced" time="0.073" /><testcase classname="tests.test_iter110_extra.TestRegression" name="test_ar_aging" time="0.071" /><testcase classname="tests.test_iter111_bank_recon_approve.TestApproveGuards" name="test_00_setup_account_and_session" time="0.166" /><testcase classname="tests.test_iter111_bank_recon_approve.TestApproveGuards" name="test_01_unmatched_guard_blocks_approve" time="0.159" /><testcase classname="tests.test_iter111_bank_recon_approve.TestApproveGuards" name="test_02_settlement_candidates_direction_guard" time="0.240" /><testcase classname="tests.test_iter111_bank_recon_approve.TestApproveGuards" name="test_03_explained_session_approves_without_confirm" time="0.605" /><testcase classname="tests.test_iter111_bank_recon_approve.TestApproveGuards" name="test_04_approved_session_is_immutable" time="0.224" /><testcase classname="tests.test_iter111_bank_recon_approve.TestApproveGuards" name="test_99_cleanup" time="0.002" /><testcase classname="tests.test_iter111_bank_recon_approve.TestRegression111" name="test_balance_sheet_balanced" time="0.089" /><testcase classname="tests.test_iter111_bank_recon_approve.TestRegression111" name="test_bank_recon_summary" time="0.083" /></testsuite></testsuites>