<?xml version="1.0" encoding="utf-8"?><testsuites name="pytest tests"><testsuite name="pytest" errors="0" failures="0" skipped="0" tests="7" time="2.971" timestamp="2026-09-05T13:32:51.472651+00:00" hostname="agent-env-f282c214-b7c2-4245-85b2-bd8552c7b4be"><testcase classname="tests.test_iter118_sales_returns_report" name="test_00_seed" time="0.455" /><testcase classname="tests.test_iter118_sales_returns_report" name="test_01_discount_tax_after_discount_and_ar_posted" time="0.356" /><testcase classname="tests.test_iter118_sales_returns_report" name="test_02_return_paid_note_cash_refund" time="0.293" /><testcase classname="tests.test_iter118_sales_returns_report" name="test_03_return_credit_note_applies_to_open_invoice" time="0.397" /><testcase classname="tests.test_iter118_sales_returns_report" name="test_04_detail_list_report" time="0.969" /><testcase classname="tests.test_iter118_sales_returns_report" name="test_05_pdf_uses_template" time="0.345" /><testcase classname="tests.test_iter118_sales_returns_report" name="test_99_cleanup" time="0.008" /></testsuite></testsuites>