<?xml version="1.0" encoding="utf-8"?><testsuites name="pytest tests"><testsuite name="pytest" errors="0" failures="0" skipped="0" tests="67" time="17.625" timestamp="2026-09-05T06:02:27.490392+00:00" hostname="agent-env-09ad7052-46f8-429b-9b8b-025896250404"><testcase classname="tests.test_iter108_finance.TestCmtPay" name="test_00_setup" time="0.246" /><testcase classname="tests.test_iter108_finance.TestCmtPay" name="test_01_partial_pay_posts_ap_to_wip" time="0.085" /><testcase classname="tests.test_iter108_finance.TestCmtPay" name="test_02_pay_rest_then_reject" time="0.250" /><testcase classname="tests.test_iter108_finance.TestCmtPay" name="test_03_void_first" time="0.098" /><testcase classname="tests.test_iter108_finance.TestCmtPay" name="test_04_billing_list" time="0.070" /><testcase classname="tests.test_iter108_finance.TestArAging" name="test_00_internal_invoice" time="0.154" /><testcase classname="tests.test_iter108_finance.TestArAging" name="test_01_partial_payment" time="0.090" /><testcase classname="tests.test_iter108_finance.TestArAging" name="test_02_single_aging" time="0.580" /><testcase classname="tests.test_iter108_finance.TestHppAbsorption" name="test_00_wip_to_fg" time="0.194" /><testcase classname="tests.test_iter108_finance.TestHppAbsorption" name="test_01_posting_profiles" time="0.081" /><testcase classname="tests.test_iter108_finance.TestRegression" name="test_balance_sheet" time="0.244" /><testcase classname="tests.test_iter108_finance.TestRegression" name="test_zz_cleanup_qa_data" time="0.005" /><testcase classname="tests.test_iter110_bank_recon.TestBankRecon" name="test_00_setup_account_and_gl" time="0.184" /><testcase classname="tests.test_iter110_bank_recon.TestBankRecon" name="test_01_session_requires_cash_account" time="0.225" /><testcase classname="tests.test_iter110_bank_recon.TestBankRecon" name="test_02_gl_lines_only_bank_account" time="0.092" /><testcase classname="tests.test_iter110_bank_recon.TestBankRecon" name="test_03_import_csv_direction" time="0.095" /><testcase classname="tests.test_iter110_bank_recon.TestBankRecon" name="test_04_auto_match_tolerance" time="0.082" /><testcase classname="tests.test_iter110_bank_recon.TestBankRecon" name="test_05_adjust_from_txn_uses_session_bank_account" time="0.178" /><testcase classname="tests.test_iter110_bank_recon.TestBankRecon" name="test_06_manual_unmatch_match_direction_guard" time="0.475" /><testcase classname="tests.test_iter110_bank_recon.TestBankRecon" name="test_07_internal_check_and_summary" time="0.167" /><testcase classname="tests.test_iter110_bank_recon.TestBankRecon" name="test_08_approve_guard_then_approve" time="0.315" /><testcase classname="tests.test_iter110_bank_recon.TestFulfillmentCogsFifo" name="test_00_post_cogs_shipment_uses_fifo_layers" time="0.014" /><testcase classname="tests.test_iter110_bank_recon.TestFulfillmentCogsFifo" name="test_01_balance_sheet" time="0.086" /><testcase classname="tests.test_iter110_bank_recon.TestRbacAndCleanup" name="test_00_non_finance_role_forbidden" time="0.437" /><testcase classname="tests.test_iter110_bank_recon.TestRbacAndCleanup" name="test_99_cleanup_test_data" time="0.005" /><testcase classname="tests.test_iter110_extra.TestBankReconExtra" name="test_00_summary" time="0.124" /><testcase classname="tests.test_iter110_extra.TestBankReconExtra" name="test_01_gl_entries_requires_session" time="0.074" /><testcase classname="tests.test_iter110_extra.TestBankReconExtra" name="test_02_import_bulk_direction" time="0.396" /><testcase classname="tests.test_iter110_extra.TestBankReconExtra" name="test_03_settlement_candidates" time="0.409" /><testcase classname="tests.test_iter110_extra.TestBankReconExtra" name="test_04_approve_unexplained_requires_confirm" time="0.461" /><testcase classname="tests.test_iter110_extra.TestBankReconExtra" name="test_99_cleanup" time="0.002" /><testcase classname="tests.test_iter110_extra.TestRegression" name="test_balance_sheet_balanced" time="0.089" /><testcase classname="tests.test_iter110_extra.TestRegression" name="test_ar_aging" time="0.071" /><testcase classname="tests.test_iter111_bank_recon_approve.TestApproveGuards" name="test_00_setup_account_and_session" time="0.149" /><testcase classname="tests.test_iter111_bank_recon_approve.TestApproveGuards" name="test_01_unmatched_guard_blocks_approve" time="0.169" /><testcase classname="tests.test_iter111_bank_recon_approve.TestApproveGuards" name="test_02_settlement_candidates_direction_guard" time="0.274" /><testcase classname="tests.test_iter111_bank_recon_approve.TestApproveGuards" name="test_03_explained_session_approves_without_confirm" time="0.612" /><testcase classname="tests.test_iter111_bank_recon_approve.TestApproveGuards" name="test_04_approved_session_is_immutable" time="0.159" /><testcase classname="tests.test_iter111_bank_recon_approve.TestApproveGuards" name="test_99_cleanup" time="0.002" /><testcase classname="tests.test_iter111_bank_recon_approve.TestRegression111" name="test_balance_sheet_balanced" time="0.080" /><testcase classname="tests.test_iter111_bank_recon_approve.TestRegression111" name="test_bank_recon_summary" time="0.093" /><testcase classname="tests.test_iter112_audit_fixes.TestRbacBankRecon" name="test_gudang_denied_list_sessions" time="0.221" /><testcase classname="tests.test_iter112_audit_fixes.TestRbacBankRecon" name="test_gudang_denied_summary" time="0.071" /><testcase classname="tests.test_iter112_audit_fixes.TestRbacBankRecon" name="test_gudang_denied_create_session" time="0.072" /><testcase classname="tests.test_iter112_audit_fixes.TestRbacBankRecon" name="test_gudang_denied_gl_entries" time="0.077" /><testcase classname="tests.test_iter112_audit_fixes.TestRbacBankRecon" name="test_admin_allowed" time="2.406" /><testcase classname="tests.test_iter112_audit_fixes.TestRbacBankRecon" name="test_gudang_denied_write_endpoints[post-/sessions/nonexistent/import-bulk-payload0]" time="1.085" /><testcase classname="tests.test_iter112_audit_fixes.TestRbacBankRecon" name="test_gudang_denied_write_endpoints[post-/sessions/nonexistent/auto-match-payload1]" time="0.088" /><testcase classname="tests.test_iter112_audit_fixes.TestRbacBankRecon" name="test_gudang_denied_write_endpoints[post-/sessions/nonexistent/transactions/xx/adjust-payload2]" time="0.094" /><testcase classname="tests.test_iter112_audit_fixes.TestRbacBankRecon" name="test_gudang_denied_write_endpoints[post-/sessions/nonexistent/approve-payload3]" time="0.077" /><testcase classname="tests.test_iter112_audit_fixes.TestRbacBankRecon" name="test_gudang_denied_write_endpoints[post-/sessions/nonexistent/match-payload4]" time="0.080" /><testcase classname="tests.test_iter112_audit_fixes.TestRbacBankRecon" name="test_gudang_denied_write_endpoints[get-/sessions/nonexistent/internal-check-None]" time="0.095" /><testcase classname="tests.test_iter112_audit_fixes.TestRbacBankRecon" name="test_gudang_denied_write_endpoints[delete-/sessions/nonexistent-None]" time="3.159" /><testcase classname="tests.test_iter112_audit_fixes.TestRbacBankRecon" name="test_finance_allowed_list" time="0.306" /><testcase classname="tests.test_iter112_audit_fixes.TestSessionAndAdjustGuard" name="test_01_admin_create_cash_account" time="0.081" /><testcase classname="tests.test_iter112_audit_fixes.TestSessionAndAdjustGuard" name="test_02_finance_create_session" time="0.076" /><testcase classname="tests.test_iter112_audit_fixes.TestSessionAndAdjustGuard" name="test_03_finance_import_manual_and_automatch" time="0.169" /><testcase classname="tests.test_iter112_audit_fixes.TestSessionAndAdjustGuard" name="test_04_adjust_outside_period_rejected" time="0.175" /><testcase classname="tests.test_iter112_audit_fixes.TestSessionAndAdjustGuard" name="test_05_adjust_in_period_creates_je_and_movement" time="0.177" /><testcase classname="tests.test_iter112_audit_fixes.TestSessionAndAdjustGuard" name="test_06_internal_check_movement_ok" time="0.075" /><testcase classname="tests.test_iter112_audit_fixes.TestLegacyAdjustments" name="test_01_create_and_post" time="0.155" /><testcase classname="tests.test_iter112_audit_fixes.TestLegacyAdjustments" name="test_02_repost_returns_400_not_500" time="0.087" /><testcase classname="tests.test_iter112_audit_fixes.TestLegacyAdjustments" name="test_03_gudang_denied_legacy_post" time="0.078" /><testcase classname="tests.test_iter112_audit_fixes.TestLegacyAdjustments" name="test_04_internal_check_shows_legacy_movement_ok" time="0.079" /><testcase classname="tests.test_iter112_audit_fixes.TestReportsRegression" name="test_balance_sheet_orphan_field" time="0.074" /><testcase classname="tests.test_iter112_audit_fixes.TestReportsRegression" name="test_ar_aging" time="0.070" /><testcase classname="tests.test_iter112_audit_fixes.TestReportsRegression" name="test_summary_admin" time="0.090" /></testsuite></testsuites>