<?xml version="1.0" encoding="utf-8"?><testsuites name="pytest tests"><testsuite name="pytest" errors="0" failures="0" skipped="0" tests="24" time="7.749" timestamp="2026-09-05T13:32:58.794382+00:00" hostname="agent-env-f282c214-b7c2-4245-85b2-bd8552c7b4be"><testcase classname="tests.test_iter117_sales_cron" name="test_00_seed" time="0.003" /><testcase classname="tests.test_iter117_sales_cron" name="test_01_customer_crud" time="0.640" /><testcase classname="tests.test_iter117_sales_cron" name="test_02_fg_stock_list" time="0.128" /><testcase classname="tests.test_iter117_sales_cron" name="test_03_validation" time="0.478" /><testcase classname="tests.test_iter117_sales_cron" name="test_04_cash_sale_ppn" time="0.491" /><testcase classname="tests.test_iter117_sales_cron" name="test_05_credit_sale_payment_overdue" time="1.268" /><testcase classname="tests.test_iter117_sales_cron" name="test_06_cancel_draft_only" time="0.424" /><testcase classname="tests.test_iter117_sales_cron" name="test_07_list_detail_pdf_dashboard" time="0.522" /><testcase classname="tests.test_iter117_sales_cron" name="test_08_rbac" time="0.779" /><testcase classname="tests.test_iter117_sales_cron" name="test_09_fg_valuation_cron" time="0.227" /><testcase classname="tests.test_iter117_sales_cron" name="test_10_po_cost_check" time="0.270" /><testcase classname="tests.test_iter117_sales_cron" name="test_99_cleanup" time="0.008" /><testcase classname="tests.test_iter116_fg_valuation_backfill" name="test_00_seed" time="0.004" /><testcase classname="tests.test_iter116_fg_valuation_backfill" name="test_01_valuation_before_backfill" time="0.392" /><testcase classname="tests.test_iter116_fg_valuation_backfill" name="test_02_backfill_dry_run" time="0.109" /><testcase classname="tests.test_iter116_fg_valuation_backfill" name="test_03_backfill_gudang_forbidden" time="0.289" /><testcase classname="tests.test_iter116_fg_valuation_backfill" name="test_04_backfill_run" time="0.278" /><testcase classname="tests.test_iter116_fg_valuation_backfill" name="test_05_valuation_after_backfill" time="0.430" /><testcase classname="tests.test_iter116_fg_valuation_backfill" name="test_zz_cleanup" time="0.003" /><testcase classname="tests.test_iter115_internal_handover" name="test_01_internal_dispatch_is_handover_only" time="0.341" /><testcase classname="tests.test_iter115_internal_handover" name="test_02_h07_endpoint_removed" time="0.147" /><testcase classname="tests.test_iter115_internal_handover" name="test_03_wip_to_fg_on_cmt_receipt_internal" time="0.218" /><testcase classname="tests.test_iter115_internal_handover" name="test_04_balance_sheet_ok" time="0.123" /><testcase classname="tests.test_iter115_internal_handover" name="test_zz_cleanup" time="0.005" /></testsuite></testsuites>