<?xml version="1.0" encoding="utf-8"?><testsuites name="pytest tests"><testsuite name="pytest" errors="0" failures="0" skipped="0" tests="7" time="0.637" timestamp="2026-09-04T16:20:46.525895+00:00" hostname="agent-env-120529a3-3496-4219-9381-d4597c7a0299"><testcase classname="tests.test_iter109_verify.TestArAging" name="test_ar_aging_total_matches_details" time="0.229" /><testcase classname="tests.test_iter109_verify.TestArAging" name="test_ar_aging_source_internal" time="0.055" /><testcase classname="tests.test_iter109_verify.TestArAging" name="test_ar_aging_source_maklon" time="0.057" /><testcase classname="tests.test_iter109_verify.TestArAging" name="test_maklon_aging_report" time="0.056" /><testcase classname="tests.test_iter109_verify.TestPostingProfiles" name="test_cmt_ap_invoice_mapping" time="0.056" /><testcase classname="tests.test_iter109_verify.TestReports" name="test_balance_sheet_balanced" time="0.052" /><testcase classname="tests.test_iter109_verify.TestReports" name="test_cmt_billing_list" time="0.043" /></testsuite></testsuites>