<?xml version="1.0" encoding="utf-8"?><testsuites name="pytest tests"><testsuite name="pytest" errors="0" failures="0" skipped="0" tests="8" time="8.097" timestamp="2026-08-26T05:45:54.808387+00:00" hostname="agent-env-8a814342-efc6-4fea-b40c-3f1b67f3e429"><testcase classname="tests.test_iter97_sesi40_impor_settlement.TestImportGroups" name="test_source_groups_6_kelompok_22_jenis" time="5.019" /><testcase classname="tests.test_iter97_sesi40_impor_settlement.TestImportGroups" name="test_source_types_count" time="0.153" /><testcase classname="tests.test_iter97_sesi40_impor_settlement.TestDetect" name="test_detect_shopee_orders" time="0.462" /><testcase classname="tests.test_iter97_sesi40_impor_settlement.TestDetect" name="test_detect_empty_file_flagged" time="0.274" /><testcase classname="tests.test_iter97_sesi40_impor_settlement.TestDetect" name="test_detect_rejects_bad_extension" time="0.106" /><testcase classname="tests.test_iter97_sesi40_impor_settlement.TestDetect" name="test_detect_requires_auth" time="0.101" /><testcase classname="tests.test_iter97_sesi40_impor_settlement.TestSettlementVoidUnlock" name="test_lifecycle_void_unlocks_edit_and_delete" time="1.785" /><testcase classname="tests.test_iter97_sesi40_impor_settlement.TestSettlementVoidUnlock" name="test_list_kosong_setelah_pembersihan" time="0.110" /></testsuite></testsuites>