<?xml version="1.0" encoding="utf-8"?><testsuites name="pytest tests"><testsuite name="pytest" errors="0" failures="0" skipped="0" tests="6" time="2.878" timestamp="2026-09-05T11:26:21.803343+00:00" hostname="agent-env-733f8766-af1f-43ab-a420-4dc774985819"><testcase classname="tests.qa_iter115_api" name="test_A_double_dispatch_same_po_still_handover" time="2.102" /><testcase classname="tests.qa_iter115_api" name="test_B_maklon_regression_requires_source_receipts" time="0.105" /><testcase classname="tests.qa_iter115_api" name="test_C_h07_removed_variants" time="0.226" /><testcase classname="tests.qa_iter115_api" name="test_D_alerts_and_year_end" time="0.301" /><testcase classname="tests.qa_iter115_api" name="test_E_no_orphan_journal_lines" time="0.001" /><testcase classname="tests.qa_iter115_api" name="test_zz_cleanup" time="0.002" /></testsuite></testsuites>