<?xml version="1.0" encoding="utf-8"?><testsuites name="pytest tests"><testsuite name="pytest" errors="0" failures="1" skipped="0" tests="26" time="3.687" timestamp="2026-07-27T11:45:18.612382+00:00" hostname="agent-env-2b65ddf5-c5ed-4357-92db-3b0666473a27"><testcase classname="tests.test_session_new_features.TestAdvBackup" name="test_live_collections" time="0.486" /><testcase classname="tests.test_session_new_features.TestAssistantAsk" name="test_kb_answer_warehouse" time="0.513" /><testcase classname="tests.test_session_new_features.TestAdvBackup" name="test_clear_rejects_missing_confirm" time="0.107" /><testcase classname="tests.test_session_new_features.TestAssistantAsk" name="test_kb_answer_finance" time="0.101" /><testcase classname="tests.test_session_new_features.TestAdvBackup" name="test_clear_rejects_protected_without_flag" time="0.106" /><testcase classname="tests.test_session_new_features.TestAssistantAsk" name="test_kb_answer_hr" time="0.149" /><testcase classname="tests.test_session_new_features.TestAdvBackup" name="test_clear_rejects_unknown_collection" time="0.101" /><testcase classname="tests.test_session_new_features.TestAssistantAsk" name="test_cross_portal_question" time="0.101" /><testcase classname="tests.test_session_new_features.TestAdvBackup" name="test_clear_rejects_empty_list" time="0.146" /><testcase classname="tests.test_session_new_features.TestAssistantAsk" name="test_out_of_scope_returns_graceful_200" time="0.127" /><testcase classname="tests.test_session_new_features.TestAssistantContext" name="test_warehouse_context" time="0.098" /><testcase classname="tests.test_session_new_features.TestAssistantAsk" name="test_empty_question_400" time="0.099" /><testcase classname="tests.test_session_new_features.TestAssistantContext" name="test_finance_context" time="0.104" /><testcase classname="tests.test_session_new_features.TestDocNumbering" name="test_list_35_types" time="0.112" /><testcase classname="tests.test_session_new_features.TestAssistantContext" name="test_hr_context" time="0.098" /><testcase classname="tests.test_session_new_features.TestDocNumbering" name="test_preview_rejects_bad_formats" time="0.354" /><testcase classname="tests.test_session_new_features.TestAssistantContext" name="test_unknown_portal_falls_back" time="0.106" /><testcase classname="tests.test_session_new_features.TestProdDashboard" name="test_internal" time="0.139"><failure message="AttributeError: 'list' object has no attribute 'get'">backend/tests/test_session_new_features.py:264: in test_internal
    stages = {s.get("key") or s.get("stage") for s in d["pipeline"].get("stages", d["pipeline"]) if isinstance(s, dict)} if isinstance(d["pipeline"], (list, dict)) else set()
                                                      ^^^^^^^^^^^^^^^^^
E   AttributeError: 'list' object has no attribute 'get'</failure></testcase><testcase classname="tests.test_session_new_features.TestProdDashboard" name="test_maklon" time="0.109" /><testcase classname="tests.test_session_new_features.TestDocNumbering" name="test_save_custom_and_reset" time="0.505" /><testcase classname="tests.test_session_new_features.TestProdDashboard" name="test_invalid_business_type" time="0.149" /><testcase classname="tests.test_session_new_features.TestUomEntryPointRegression" name="test_putaway_invalid_input_uom_no_500" time="0.107" /><testcase classname="tests.test_session_new_features.TestUomEntryPointRegression" name="test_opname_scan_invalid_input_uom_no_500" time="0.116" /><testcase classname="tests.test_session_new_features.TestMaterialImport" name="test_template_has_uom_columns" time="0.114" /><testcase classname="tests.test_session_new_features.TestDocNumbering" name="test_counter_set_and_reject_decrease" time="0.113" /><testcase classname="tests.test_session_new_features.TestAssistantHistory" name="test_multi_turn_history" time="0.675" /></testsuite></testsuites>