<?xml version="1.0" encoding="utf-8"?><testsuites name="pytest tests"><testsuite name="pytest" errors="0" failures="3" skipped="0" tests="26" time="15.353" timestamp="2026-08-23T22:27:49.818949+00:00" hostname="agent-env-d82e6993-957c-4bee-a978-d78c5239b283"><testcase classname="tests.test_session34_features.TestSewingCost" name="test_list_pos" time="0.443" /><testcase classname="tests.test_session34_features.TestSmartDetect" name="test_detect[order_pesanan_shopee.xlsx-shopee-marketplace_orders]" time="0.709" /><testcase classname="tests.test_session34_features.TestSewingCost" name="test_po_detail_and_put_rate" time="0.977" /><testcase classname="tests.test_session34_features.TestSmartDetect" name="test_detect[pesanan_tiktok.xlsx-tiktok-marketplace_orders]" time="0.400" /><testcase classname="tests.test_session34_features.TestSmartDetect" name="test_detect[retur_refund_tiktok.xlsx-tiktok-returns]" time="0.149" /><testcase classname="tests.test_session34_features.TestSmartDetect" name="test_detect[ads_tiktok.xlsx-tiktok-ads]" time="10.389" /><testcase classname="tests.test_session34_features.TestSewingCost" name="test_po_detail_404" time="0.083" /><testcase classname="tests.test_session34_features.TestCreatorAdmin" name="test_create_new_type_then_portal_account_login" time="10.671" /><testcase classname="tests.test_session34_features.TestSmartDetect" name="test_detect[ads_shopee.csv-shopee-shopee_ads_cpc]" time="0.142" /><testcase classname="tests.test_session34_features.TestSmartDetect" name="test_detect_shopee_matching_accounts" time="0.385" /><testcase classname="tests.test_session34_features.TestCreatorAdmin" name="test_creator_type_invalid_rejected" time="0.076" /><testcase classname="tests.test_session34_features.TestBudgetSummaryWeekly" name="test_summary_accepts_weekly_period" time="0.135"><failure message="AssertionError: weekly period '2026-08-23' breaks /api/marketing/budget/summary: 500 {&quot;detail&quot;:&quot;Internal server error&quot;,&quot;request_id&quot;:&quot;3665f561d87a&quot;}&#10;assert 500 == 200&#10; +  where 500 = &lt;Response [500]&gt;.status_code">E   AssertionError: weekly period '2026-08-23' breaks /api/marketing/budget/summary: 500 {"detail":"Internal server error","request_id":"3665f561d87a"}
    assert 500 == 200
     +  where 500 = &lt;Response [500]&gt;.status_code</failure></testcase><testcase classname="tests.test_session34_features.TestCreatorAdmin" name="test_email_without_password_rejected" time="0.103" /><testcase classname="tests.test_session34_features.TestBudgetSummaryWeekly" name="test_summary_monthly_period_ok" time="0.110" /><testcase classname="tests.test_session34_features.TestTypeMismatch" name="test_wrong_source_type_warns" time="0.284" /><testcase classname="tests.test_session34_features.TestCreatorPortal" name="test_login_and_catalog_no_hpp" time="0.322" /><testcase classname="tests.test_session34_features.TestTypeMismatch" name="test_header_only_file_rejected" time="0.101" /><testcase classname="tests.test_session34_features.TestIncentive" name="test_incentive_flow" time="1.004"><failure message="AssertionError: close-period did not reset counters: 120&#10;assert 120 == 0">E   AssertionError: close-period did not reset counters: 120
    assert 120 == 0</failure></testcase><testcase classname="tests.test_session34_features.TestCreatorPortal" name="test_creator_item_request" time="0.299"><failure message="AssertionError: 500: {&quot;detail&quot;:&quot;Internal server error&quot;,&quot;request_id&quot;:&quot;7620670d04a1&quot;}&#10;assert 500 in (200, 201)&#10; +  where 500 = &lt;Response [500]&gt;.status_code">E   AssertionError: 500: {"detail":"Internal server error","request_id":"7620670d04a1"}
    assert 500 in (200, 201)
     +  where 500 = &lt;Response [500]&gt;.status_code</failure></testcase><testcase classname="tests.test_session34_features.TestRndProductViewer" name="test_list_and_detail" time="0.143" /><testcase classname="tests.test_session34_features.TestRndProductViewer" name="test_detail_404" time="0.097" /><testcase classname="tests.test_session34_features.TestImportRegression" name="test_tiktok_orders_upload_preview_commit" time="1.525" /><testcase classname="tests.test_session34_features.TestIncentive" name="test_overview" time="0.334" /><testcase classname="tests.test_session34_features.TestBudgetPeriod" name="test_weekly_default_and_switch" time="0.778" /><testcase classname="tests.test_session34_features.TestLivehostMonthly" name="test_calculate_monthly" time="0.108" /><testcase classname="tests.test_session34_features.TestSettlements" name="test_list" time="0.073" /></testsuite></testsuites>