<?xml version="1.0" encoding="utf-8"?><testsuites name="pytest tests"><testsuite name="pytest" errors="0" failures="0" skipped="0" tests="13" time="1.907" timestamp="2026-08-21T06:05:15.192623+00:00" hostname="agent-env-82642f68-e75d-442d-8bd3-820e91c4e04f"><testcase classname="tests.test_w3_w5_features.TestW3StockThresholds" name="test_list_thresholds" time="0.380" /><testcase classname="tests.test_w3_w5_features.TestW5SuratJalanCMT" name="test_pdf_missing_id_returns_400" time="0.455" /><testcase classname="tests.test_w3_w5_features.TestW3StockThresholds" name="test_summary" time="0.203" /><testcase classname="tests.test_w3_w5_features.TestW5SuratJalanCMT" name="test_pdf_unknown_id_returns_404" time="0.101" /><testcase classname="tests.test_w3_w5_features.TestW5SuratJalanCMT" name="test_pdf_no_auth" time="0.101" /><testcase classname="tests.test_w3_w5_features.TestW3StockThresholds" name="test_bulk_no_items_400" time="0.098" /><testcase classname="tests.test_w3_w5_features.TestW5SuratJalanCMT" name="test_pdf_valid_default_cols" time="0.223" /><testcase classname="tests.test_w3_w5_features.TestW3StockThresholds" name="test_bulk_negative_min_400" time="0.103" /><testcase classname="tests.test_w3_w5_features.TestW3StockThresholds" name="test_bulk_unknown_material_404" time="0.104" /><testcase classname="tests.test_w3_w5_features.TestW5SuratJalanCMT" name="test_pdf_narrow_cols" time="0.145" /><testcase classname="tests.test_w3_w5_features.TestW3StockThresholds" name="test_warehouse_alerts_metadata" time="0.117" /><testcase classname="tests.test_w3_w5_features.TestW5SuratJalanCMT" name="test_pdf_number_idempotent" time="0.340" /><testcase classname="tests.test_w3_w5_features.TestW5SuratJalanCMT" name="test_doc_numbering_registry_has_series" time="0.185" /></testsuite></testsuites>